params =  {'N': 9, 'xi': 0.25}
Starting simulation input
==================== Contraction summary iTPO (indexing=True, compress=False) ====================
Count (0, 1) = 28
Count (1, 2) = 130
Count (2, 3) = 182
Count (3, 4) = 234
Count (4, 5) = 286
Count (5, 6) = 338
Count (6, 7) = 390
Count (7, 8) = 442
Count (8, 7) = 52
Count (7, 6) = 130
Count (6, 5) = 169
Count (5, 4) = 208
Count (4, 3) = 247
Count (3, 2) = 286
Count (2, 1) = 325
Count (1, 0) = 196
Count 0 = 288
Count None = 1092
Count 1 = 1679
Count 2 = 4440
Count 3 = 5775
Count 4 = 6346
Count 5 = 5421
Count 6 = 3914
Count 7 = 1925
Count 8 = 494
Total contractions: 35017
^^^^^^^^^^^^^^^^^^^^^^^^^^^^^^^^^^^^^^^^^^^^^^^^^^^^^^^^^^^^
Simulation time is 1.9974.
params =  {'N': 10, 'xi': 0.25}
Starting simulation input
==================== Contraction summary iTPO (indexing=True, compress=False) ====================
Count (0, 1) = 28
Count (1, 2) = 130
Count (2, 3) = 182
Count (3, 4) = 234
Count (4, 5) = 286
Count (5, 6) = 338
Count (6, 7) = 390
Count (7, 8) = 442
Count (8, 9) = 494
Count (9, 8) = 52
Count (8, 7) = 130
Count (7, 6) = 169
Count (6, 5) = 208
Count (5, 4) = 247
Count (4, 3) = 286
Count (3, 2) = 325
Count (2, 1) = 364
Count (1, 0) = 217
Count 0 = 325
Count None = 1448
Count 1 = 2125
Count 2 = 5214
Count 3 = 7488
Count 4 = 8256
Count 5 = 8640
Count 6 = 8640
Count 7 = 8213
Count 8 = 3666
Count 9 = 840
Total contractions: 59377
^^^^^^^^^^^^^^^^^^^^^^^^^^^^^^^^^^^^^^^^^^^^^^^^^^^^^^^^^^^^
Simulation time is 3.3529.
params =  {'N': 11, 'xi': 0.25}
Starting simulation input
==================== Contraction summary iTPO (indexing=True, compress=False) ====================
Count (0, 1) = 28
Count (1, 2) = 130
Count (2, 3) = 182
Count (3, 4) = 234
Count (4, 5) = 286
Count (5, 6) = 338
Count (6, 7) = 390
Count (7, 8) = 442
Count (8, 9) = 494
Count (9, 10) = 546
Count (10, 9) = 52
Count (9, 8) = 130
Count (8, 7) = 169
Count (7, 6) = 208
Count (6, 5) = 247
Count (5, 4) = 286
Count (4, 3) = 325
Count (3, 2) = 364
Count (2, 1) = 403
Count (1, 0) = 238
Count 0 = 448
Count None = 1844
Count 1 = 2673
Count 2 = 6588
Count 3 = 7998
Count 4 = 9216
Count 5 = 9792
Count 6 = 9984
Count 7 = 9384
Count 8 = 8736
Count 9 = 4386
Count 10 = 1081
Total contractions: 77622
^^^^^^^^^^^^^^^^^^^^^^^^^^^^^^^^^^^^^^^^^^^^^^^^^^^^^^^^^^^^
Simulation time is 4.3188.
params =  {'N': 12, 'xi': 0.25}
Starting simulation input
==================== Contraction summary iTPO (indexing=True, compress=False) ====================
Count (0, 1) = 128
Count (1, 2) = 630
Count (2, 3) = 882
Count (3, 4) = 1134
Count (4, 5) = 1386
Count (5, 6) = 1638
Count (6, 7) = 1890
Count (7, 8) = 2142
Count (8, 9) = 2394
Count (9, 10) = 2646
Count (10, 11) = 2898
Count (11, 10) = 252
Count (10, 9) = 630
Count (9, 8) = 819
Count (8, 7) = 1008
Count (7, 6) = 1197
Count (6, 5) = 1386
Count (5, 4) = 1575
Count (4, 3) = 1764
Count (3, 2) = 1953
Count (2, 1) = 2142
Count (1, 0) = 1184
Count 0 = 2625
Count None = 11965
Count 1 = 14297
Count 2 = 32760
Count 3 = 43381
Count 4 = 51993
Count 5 = 55575
Count 6 = 48852
Count 7 = 46787
Count 8 = 44916
Count 9 = 28832
Count 10 = 9541
Count 11 = 2475
Total contractions: 425677
^^^^^^^^^^^^^^^^^^^^^^^^^^^^^^^^^^^^^^^^^^^^^^^^^^^^^^^^^^^^
Simulation time is 20.3400.
params =  {'N': 13, 'xi': 0.25}
Starting simulation input
==================== Contraction summary iTPO (indexing=True, compress=False) ====================
Count (0, 1) = 40
Count (1, 2) = 190
Count (2, 3) = 266
Count (3, 4) = 342
Count (4, 5) = 418
Count (5, 6) = 494
Count (6, 7) = 570
Count (7, 8) = 646
Count (8, 9) = 722
Count (9, 10) = 798
Count (10, 11) = 874
Count (11, 12) = 950
Count (12, 11) = 76
Count (11, 10) = 190
Count (10, 9) = 247
Count (9, 8) = 304
Count (8, 7) = 361
Count (7, 6) = 418
Count (6, 5) = 475
Count (5, 4) = 532
Count (4, 3) = 589
Count (3, 2) = 646
Count (2, 1) = 703
Count (1, 0) = 400
Count 0 = 592
Count None = 4318
Count 1 = 2790
Count 2 = 6636
Count 3 = 9180
Count 4 = 10846
Count 5 = 14238
Count 6 = 16302
Count 7 = 17286
Count 8 = 15642
Count 9 = 13230
Count 10 = 10034
Count 11 = 4947
Count 12 = 1269
Total contractions: 138561
^^^^^^^^^^^^^^^^^^^^^^^^^^^^^^^^^^^^^^^^^^^^^^^^^^^^^^^^^^^^
Simulation time is 6.4941.
params =  {'N': 14, 'xi': 0.25}
Starting simulation input
==================== Contraction summary iTPO (indexing=True, compress=False) ====================
Count (0, 1) = 136
Count (1, 2) = 670
Count (2, 3) = 938
Count (3, 4) = 1206
Count (4, 5) = 1474
Count (5, 6) = 1742
Count (6, 7) = 2010
Count (7, 8) = 2278
Count (8, 9) = 2546
Count (9, 10) = 2814
Count (10, 11) = 3082
Count (11, 12) = 3350
Count (12, 13) = 3618
Count (13, 12) = 268
Count (12, 11) = 670
Count (11, 10) = 871
Count (10, 9) = 1072
Count (9, 8) = 1273
Count (8, 7) = 1474
Count (7, 6) = 1675
Count (6, 5) = 1876
Count (5, 4) = 2077
Count (4, 3) = 2278
Count (3, 2) = 2479
Count (2, 1) = 2680
Count (1, 0) = 1462
Count 0 = 1037
Count None = 19322
Count 1 = 4191
Count 2 = 20700
Count 3 = 33715
Count 4 = 47502
Count 5 = 55131
Count 6 = 61466
Count 7 = 68250
Count 8 = 76950
Count 9 = 74022
Count 10 = 67827
Count 11 = 39312
Count 12 = 24090
Count 13 = 6786
Total contractions: 646320
^^^^^^^^^^^^^^^^^^^^^^^^^^^^^^^^^^^^^^^^^^^^^^^^^^^^^^^^^^^^
Simulation time is 28.6906.
params =  {'N': 15, 'xi': 0.25}
Starting simulation input
==================== Contraction summary iTPO (indexing=True, compress=False) ====================
Count (0, 1) = 492
Count (1, 2) = 2450
Count (2, 3) = 3430
Count (3, 4) = 4410
Count (4, 5) = 5390
Count (5, 6) = 6370
Count (6, 7) = 7350
Count (7, 8) = 8330
Count (8, 9) = 9310
Count (9, 10) = 10290
Count (10, 11) = 11270
Count (11, 12) = 12250
Count (12, 13) = 13230
Count (13, 14) = 14210
Count (14, 13) = 980
Count (13, 12) = 2450
Count (12, 11) = 3185
Count (11, 10) = 3920
Count (10, 9) = 4655
Count (9, 8) = 5390
Count (8, 7) = 6125
Count (7, 6) = 6860
Count (6, 5) = 7595
Count (5, 4) = 8330
Count (4, 3) = 9065
Count (3, 2) = 9800
Count (2, 1) = 10535
Count (1, 0) = 5658
Count 0 = 3222
Count None = 86290
Count 1 = 8925
Count 2 = 12528
Count 3 = 16638
Count 4 = 19176
Count 5 = 26850
Count 6 = 32400
Count 7 = 49302
Count 8 = 149268
Count 9 = 161684
Count 10 = 108080
Count 11 = 72975
Count 12 = 65892
Count 13 = 42126
Count 14 = 13764
Total contractions: 1062450
^^^^^^^^^^^^^^^^^^^^^^^^^^^^^^^^^^^^^^^^^^^^^^^^^^^^^^^^^^^^
Simulation time is 42.7631.
params =  {'N': 16, 'xi': 0.25}
Starting simulation input
==================== Contraction summary iTPO (indexing=True, compress=False) ====================
Count (0, 1) = 28
Count (1, 2) = 130
Count (2, 3) = 182
Count (3, 4) = 234
Count (4, 5) = 286
Count (5, 6) = 338
Count (6, 7) = 390
Count (7, 8) = 442
Count (8, 9) = 494
Count (9, 10) = 546
Count (10, 11) = 598
Count (11, 12) = 650
Count (12, 13) = 702
Count (13, 14) = 754
Count (14, 15) = 806
Count (15, 14) = 52
Count (14, 13) = 130
Count (13, 12) = 169
Count (12, 11) = 208
Count (11, 10) = 247
Count (10, 9) = 286
Count (9, 8) = 325
Count (8, 7) = 364
Count (7, 6) = 403
Count (6, 5) = 442
Count (5, 4) = 481
Count (4, 3) = 520
Count (3, 2) = 559
Count (2, 1) = 598
Count (1, 0) = 343
Count 0 = 494
Count None = 5108
Count 1 = 3145
Count 2 = 6426
Count 3 = 7497
Count 4 = 9928
Count 5 = 12555
Count 6 = 13833
Count 7 = 12922
Count 8 = 13206
Count 9 = 14415
Count 10 = 13104
Count 11 = 10788
Count 12 = 10530
Count 13 = 12556
Count 14 = 6300
Count 15 = 1419
Total contractions: 165933
^^^^^^^^^^^^^^^^^^^^^^^^^^^^^^^^^^^^^^^^^^^^^^^^^^^^^^^^^^^^
Simulation time is 8.5636.
params =  {'N': 32, 'xi': 0.25}
Starting simulation input
==================== Contraction summary iTPO (indexing=True, compress=False) ====================
Count (0, 1) = 84
Count (1, 2) = 410
Count (2, 3) = 574
Count (3, 4) = 738
Count (4, 5) = 902
Count (5, 6) = 1066
Count (6, 7) = 1230
Count (7, 8) = 1394
Count (8, 9) = 1558
Count (9, 10) = 1722
Count (10, 11) = 1886
Count (11, 12) = 2050
Count (12, 13) = 2214
Count (13, 14) = 2378
Count (14, 15) = 2542
Count (15, 16) = 2706
Count (16, 17) = 2870
Count (17, 18) = 3034
Count (18, 19) = 3198
Count (19, 20) = 3362
Count (20, 21) = 3526
Count (21, 22) = 3690
Count (22, 23) = 3854
Count (23, 24) = 4018
Count (24, 25) = 4182
Count (25, 26) = 4346
Count (26, 27) = 4510
Count (27, 28) = 4674
Count (28, 29) = 4838
Count (29, 30) = 5002
Count (30, 31) = 5166
Count (31, 30) = 164
Count (30, 29) = 410
Count (29, 28) = 533
Count (28, 27) = 656
Count (27, 26) = 779
Count (26, 25) = 902
Count (25, 24) = 1025
Count (24, 23) = 1148
Count (23, 22) = 1271
Count (22, 21) = 1394
Count (21, 20) = 1517
Count (20, 19) = 1640
Count (19, 18) = 1763
Count (18, 17) = 1886
Count (17, 16) = 2009
Count (16, 15) = 2132
Count (15, 14) = 2255
Count (14, 13) = 2378
Count (13, 12) = 2501
Count (12, 11) = 2624
Count (11, 10) = 2747
Count (10, 9) = 2870
Count (9, 8) = 2993
Count (8, 7) = 3116
Count (7, 6) = 3239
Count (6, 5) = 3362
Count (5, 4) = 3485
Count (4, 3) = 3608
Count (3, 2) = 3731
Count (2, 1) = 3854
Count (1, 0) = 2037
Count 0 = 4165
Count None = 121005
Count 1 = 21390
Count 2 = 36333
Count 3 = 66929
Count 4 = 85680
Count 5 = 111156
Count 6 = 123380
Count 7 = 136218
Count 8 = 147651
Count 9 = 156860
Count 10 = 167409
Count 11 = 172980
Count 12 = 178891
Count 13 = 185328
Count 14 = 193314
Count 15 = 196480
Count 16 = 197760
Count 17 = 197760
Count 18 = 196480
Count 19 = 193920
Count 20 = 190080
Count 21 = 173689
Count 22 = 157356
Count 23 = 124956
Count 24 = 109296
Count 25 = 82713
Count 26 = 61758
Count 27 = 45173
Count 28 = 36108
Count 29 = 39474
Count 30 = 24511
Count 31 = 6305
Total contractions: 4090261
^^^^^^^^^^^^^^^^^^^^^^^^^^^^^^^^^^^^^^^^^^^^^^^^^^^^^^^^^^^^
Simulation time is 224.7760.
params =  {'N': 64, 'xi': 0.25}
Starting simulation input
==================== Contraction summary iTPO (indexing=True, compress=False) ====================
Count (0, 1) = 152
Count (1, 2) = 750
Count (2, 3) = 1050
Count (3, 4) = 1350
Count (4, 5) = 1650
Count (5, 6) = 1950
Count (6, 7) = 2250
Count (7, 8) = 2550
Count (8, 9) = 2850
Count (9, 10) = 3150
Count (10, 11) = 3450
Count (11, 12) = 3750
Count (12, 13) = 4050
Count (13, 14) = 4350
Count (14, 15) = 4650
Count (15, 16) = 4950
Count (16, 17) = 5250
Count (17, 18) = 5550
Count (18, 19) = 5850
Count (19, 20) = 6150
Count (20, 21) = 6450
Count (21, 22) = 6750
Count (22, 23) = 7050
Count (23, 24) = 7350
Count (24, 25) = 7650
Count (25, 26) = 7950
Count (26, 27) = 8250
Count (27, 28) = 8550
Count (28, 29) = 8850
Count (29, 30) = 9150
Count (30, 31) = 9450
Count (31, 32) = 9750
Count (32, 33) = 10050
Count (33, 34) = 10350
Count (34, 35) = 10650
Count (35, 36) = 10950
Count (36, 37) = 11250
Count (37, 38) = 11550
Count (38, 39) = 11850
Count (39, 40) = 12150
Count (40, 41) = 12450
Count (41, 42) = 12750
Count (42, 43) = 13050
Count (43, 44) = 13350
Count (44, 45) = 13650
Count (45, 46) = 13950
Count (46, 47) = 14250
Count (47, 48) = 14550
Count (48, 49) = 14850
Count (49, 50) = 15150
Count (50, 51) = 15450
Count (51, 52) = 15750
Count (52, 53) = 16050
Count (53, 54) = 16350
Count (54, 55) = 16650
Count (55, 56) = 16950
Count (56, 57) = 17250
Count (57, 58) = 17550
Count (58, 59) = 17850
Count (59, 60) = 18150
Count (60, 61) = 18450
Count (61, 62) = 18750
Count (62, 63) = 19050
Count (63, 62) = 300
Count (62, 61) = 750
Count (61, 60) = 975
Count (60, 59) = 1200
Count (59, 58) = 1425
Count (58, 57) = 1650
Count (57, 56) = 1875
Count (56, 55) = 2100
Count (55, 54) = 2325
Count (54, 53) = 2550
Count (53, 52) = 2775
Count (52, 51) = 3000
Count (51, 50) = 3225
Count (50, 49) = 3450
Count (49, 48) = 3675
Count (48, 47) = 3900
Count (47, 46) = 4125
Count (46, 45) = 4350
Count (45, 44) = 4575
Count (44, 43) = 4800
Count (43, 42) = 5025
Count (42, 41) = 5250
Count (41, 40) = 5475
Count (40, 39) = 5700
Count (39, 38) = 5925
Count (38, 37) = 6150
Count (37, 36) = 6375
Count (36, 35) = 6600
Count (35, 34) = 6825
Count (34, 33) = 7050
Count (33, 32) = 7275
Count (32, 31) = 7500
Count (31, 30) = 7725
Count (30, 29) = 7950
Count (29, 28) = 8175
Count (28, 27) = 8400
Count (27, 26) = 8625
Count (26, 25) = 8850
Count (25, 24) = 9075
Count (24, 23) = 9300
Count (23, 22) = 9525
Count (22, 21) = 9750
Count (21, 20) = 9975
Count (20, 19) = 10200
Count (19, 18) = 10425
Count (18, 17) = 10650
Count (17, 16) = 10875
Count (16, 15) = 11100
Count (15, 14) = 11325
Count (14, 13) = 11550
Count (13, 12) = 11775
Count (12, 11) = 12000
Count (11, 10) = 12225
Count (10, 9) = 12450
Count (9, 8) = 12675
Count (8, 7) = 12900
Count (7, 6) = 13125
Count (6, 5) = 13350
Count (5, 4) = 13575
Count (4, 3) = 13800
Count (3, 2) = 14025
Count (2, 1) = 14250
Count (1, 0) = 7334
Count 0 = 13534
Count None = 1697812
Count 1 = 42294
Count 2 = 63570
Count 3 = 89505
Count 4 = 117062
Count 5 = 256824
Count 6 = 281718
Count 7 = 307325
Count 8 = 370125
Count 9 = 403392
Count 10 = 418444
Count 11 = 480675
Count 12 = 749415
Count 13 = 882080
Count 14 = 927072
Count 15 = 969696
Count 16 = 1009952
Count 17 = 1047840
Count 18 = 1083360
Count 19 = 1116512
Count 20 = 1104660
Count 21 = 1044636
Count 22 = 829255
Count 23 = 622035
Count 24 = 562302
Count 25 = 489602
Count 26 = 478686
Count 27 = 463185
Count 28 = 423215
Count 29 = 469686
Count 30 = 484527
Count 31 = 506473
Count 32 = 493875
Count 33 = 525375
Count 34 = 513211
Count 35 = 475575
Count 36 = 470799
Count 37 = 518245
Count 38 = 527790
Count 39 = 580488
Count 40 = 614675
Count 41 = 585468
Count 42 = 599265
Count 43 = 680050
Count 44 = 1076412
Count 45 = 1147296
Count 46 = 1116512
Count 47 = 1083360
Count 48 = 1028370
Count 49 = 867501
Count 50 = 661752
Count 51 = 693738
Count 52 = 715200
Count 53 = 748005
Count 54 = 738582
Count 55 = 644998
Count 56 = 500802
Count 57 = 439425
Count 58 = 392825
Count 59 = 348129
Count 60 = 303687
Count 61 = 235376
Count 62 = 147645
Count 63 = 49020
Total contractions: 40409006
^^^^^^^^^^^^^^^^^^^^^^^^^^^^^^^^^^^^^^^^^^^^^^^^^^^^^^^^^^^^
Simulation time is 1937.7913.
params =  {'N': 128, 'xi': 0.25}
Starting simulation input
