params =  {'N': 16, 'xi': 0.25}
Starting simulation input
==================== Contraction summary iTPO (indexing=True, compress=False) ====================
Count ((2, 7), (1, 3)) = 190
Count ((2, 6), (1, 3)) = 190
Count ((2, 5), (1, 2)) = 190
Count ((2, 4), (1, 2)) = 190
Count ((2, 3), (1, 1)) = 190
Count ((2, 2), (1, 1)) = 190
Count ((2, 1), (1, 0)) = 190
Count ((2, 0), (1, 0)) = 100
Count ((1, 3), (0, 1)) = 504
Count ((1, 2), (0, 1)) = 828
Count ((1, 1), (0, 0)) = 828
Count ((1, 0), (0, 0)) = 666
Count ((0, 1), (0, 0)) = 1840
Count ((0, 0), (1, 0)) = 2368
Count ((1, 0), (2, 1)) = 1224
Count ((1, 0), (2, 0)) = 580
Count (2, 0) = 3885
Count None = 5031
Count ((0, 0), (1, 1)) = 3060
Count ((1, 1), (2, 2)) = 1044
Count (2, 1) = 4033
Count ((1, 1), (2, 3)) = 1224
Count (2, 2) = 3811
Count ((0, 0), (0, 1)) = 1800
Count ((0, 1), (1, 2)) = 2880
Count ((1, 2), (2, 4)) = 1044
Count (2, 3) = 3626
Count ((1, 2), (2, 5)) = 1224
Count (2, 4) = 4255
Count ((0, 1), (1, 3)) = 1836
Count ((1, 3), (2, 6)) = 1044
Count (2, 5) = 3885
Count ((1, 3), (2, 7)) = 1224
Count (2, 6) = 5735
Count (2, 7) = 5883
Count (1, 3) = 16443
Count (1, 2) = 11655
Count (1, 1) = 10332
Count (1, 0) = 10899
Count (0, 0) = 15811
Count (0, 1) = 18818
Total contractions: 150750
^^^^^^^^^^^^^^^^^^^^^^^^^^^^^^^^^^^^^^^^^^^^^^^^^^^^^^^^^^^^
Simulation time is 7.4009.
params =  {'N': 32, 'xi': 0.25}
Starting simulation input
