params =  {'N': 1024, 'xi': 0.25}
Starting simulation input
==================== Contraction summary iTPO (indexing=True, compress=False) ====================
Count ((8, 511), (7, 255)) = 117
Count ((8, 510), (7, 255)) = 117
Count ((8, 509), (7, 254)) = 117
Count ((8, 508), (7, 254)) = 117
Count ((8, 507), (7, 253)) = 117
Count ((8, 506), (7, 253)) = 117
Count ((8, 505), (7, 252)) = 117
Count ((8, 504), (7, 252)) = 117
Count ((8, 503), (7, 251)) = 117
Count ((8, 502), (7, 251)) = 117
Count ((8, 501), (7, 250)) = 117
Count ((8, 500), (7, 250)) = 117
Count ((8, 499), (7, 249)) = 117
Count ((8, 498), (7, 249)) = 117
Count ((8, 497), (7, 248)) = 117
Count ((8, 496), (7, 248)) = 117
Count ((8, 495), (7, 247)) = 117
Count ((8, 494), (7, 247)) = 117
Count ((8, 493), (7, 246)) = 117
Count ((8, 492), (7, 246)) = 117
Count ((8, 491), (7, 245)) = 117
Count ((8, 490), (7, 245)) = 117
Count ((8, 489), (7, 244)) = 117
Count ((8, 488), (7, 244)) = 117
Count ((8, 487), (7, 243)) = 117
Count ((8, 486), (7, 243)) = 117
Count ((8, 485), (7, 242)) = 117
Count ((8, 484), (7, 242)) = 117
Count ((8, 483), (7, 241)) = 117
Count ((8, 482), (7, 241)) = 117
Count ((8, 481), (7, 240)) = 117
Count ((8, 480), (7, 240)) = 117
Count ((8, 479), (7, 239)) = 117
Count ((8, 478), (7, 239)) = 117
Count ((8, 477), (7, 238)) = 117
Count ((8, 476), (7, 238)) = 117
Count ((8, 475), (7, 237)) = 117
Count ((8, 474), (7, 237)) = 117
Count ((8, 473), (7, 236)) = 117
Count ((8, 472), (7, 236)) = 117
Count ((8, 471), (7, 235)) = 117
Count ((8, 470), (7, 235)) = 117
Count ((8, 469), (7, 234)) = 117
Count ((8, 468), (7, 234)) = 117
Count ((8, 467), (7, 233)) = 117
Count ((8, 466), (7, 233)) = 117
Count ((8, 465), (7, 232)) = 117
Count ((8, 464), (7, 232)) = 117
Count ((8, 463), (7, 231)) = 117
Count ((8, 462), (7, 231)) = 117
Count ((8, 461), (7, 230)) = 117
Count ((8, 460), (7, 230)) = 117
Count ((8, 459), (7, 229)) = 117
Count ((8, 458), (7, 229)) = 117
Count ((8, 457), (7, 228)) = 117
Count ((8, 456), (7, 228)) = 117
Count ((8, 455), (7, 227)) = 117
Count ((8, 454), (7, 227)) = 117
Count ((8, 453), (7, 226)) = 117
Count ((8, 452), (7, 226)) = 117
Count ((8, 451), (7, 225)) = 117
Count ((8, 450), (7, 225)) = 117
Count ((8, 449), (7, 224)) = 117
Count ((8, 448), (7, 224)) = 117
Count ((8, 447), (7, 223)) = 117
Count ((8, 446), (7, 223)) = 117
Count ((8, 445), (7, 222)) = 117
Count ((8, 444), (7, 222)) = 117
Count ((8, 443), (7, 221)) = 117
Count ((8, 442), (7, 221)) = 117
Count ((8, 441), (7, 220)) = 117
Count ((8, 440), (7, 220)) = 117
Count ((8, 439), (7, 219)) = 117
Count ((8, 438), (7, 219)) = 117
Count ((8, 437), (7, 218)) = 117
Count ((8, 436), (7, 218)) = 117
Count ((8, 435), (7, 217)) = 117
Count ((8, 434), (7, 217)) = 117
Count ((8, 433), (7, 216)) = 117
Count ((8, 432), (7, 216)) = 117
Count ((8, 431), (7, 215)) = 117
Count ((8, 430), (7, 215)) = 117
Count ((8, 429), (7, 214)) = 117
Count ((8, 428), (7, 214)) = 117
Count ((8, 427), (7, 213)) = 117
Count ((8, 426), (7, 213)) = 117
Count ((8, 425), (7, 212)) = 117
Count ((8, 424), (7, 212)) = 117
Count ((8, 423), (7, 211)) = 117
Count ((8, 422), (7, 211)) = 117
Count ((8, 421), (7, 210)) = 117
Count ((8, 420), (7, 210)) = 117
Count ((8, 419), (7, 209)) = 117
Count ((8, 418), (7, 209)) = 117
Count ((8, 417), (7, 208)) = 117
Count ((8, 416), (7, 208)) = 117
Count ((8, 415), (7, 207)) = 117
Count ((8, 414), (7, 207)) = 117
Count ((8, 413), (7, 206)) = 117
Count ((8, 412), (7, 206)) = 117
Count ((8, 411), (7, 205)) = 117
Count ((8, 410), (7, 205)) = 117
Count ((8, 409), (7, 204)) = 117
Count ((8, 408), (7, 204)) = 117
Count ((8, 407), (7, 203)) = 117
Count ((8, 406), (7, 203)) = 117
Count ((8, 405), (7, 202)) = 117
Count ((8, 404), (7, 202)) = 117
Count ((8, 403), (7, 201)) = 117
Count ((8, 402), (7, 201)) = 117
Count ((8, 401), (7, 200)) = 117
Count ((8, 400), (7, 200)) = 117
Count ((8, 399), (7, 199)) = 117
Count ((8, 398), (7, 199)) = 117
Count ((8, 397), (7, 198)) = 117
Count ((8, 396), (7, 198)) = 117
Count ((8, 395), (7, 197)) = 117
Count ((8, 394), (7, 197)) = 117
Count ((8, 393), (7, 196)) = 117
Count ((8, 392), (7, 196)) = 117
Count ((8, 391), (7, 195)) = 117
Count ((8, 390), (7, 195)) = 117
Count ((8, 389), (7, 194)) = 117
Count ((8, 388), (7, 194)) = 117
Count ((8, 387), (7, 193)) = 117
Count ((8, 386), (7, 193)) = 117
Count ((8, 385), (7, 192)) = 117
Count ((8, 384), (7, 192)) = 117
Count ((8, 383), (7, 191)) = 117
Count ((8, 382), (7, 191)) = 117
Count ((8, 381), (7, 190)) = 117
Count ((8, 380), (7, 190)) = 117
Count ((8, 379), (7, 189)) = 117
Count ((8, 378), (7, 189)) = 117
Count ((8, 377), (7, 188)) = 117
Count ((8, 376), (7, 188)) = 117
Count ((8, 375), (7, 187)) = 117
Count ((8, 374), (7, 187)) = 117
Count ((8, 373), (7, 186)) = 117
Count ((8, 372), (7, 186)) = 117
Count ((8, 371), (7, 185)) = 117
Count ((8, 370), (7, 185)) = 117
Count ((8, 369), (7, 184)) = 117
Count ((8, 368), (7, 184)) = 117
Count ((8, 367), (7, 183)) = 117
Count ((8, 366), (7, 183)) = 117
Count ((8, 365), (7, 182)) = 117
Count ((8, 364), (7, 182)) = 117
Count ((8, 363), (7, 181)) = 117
Count ((8, 362), (7, 181)) = 117
Count ((8, 361), (7, 180)) = 117
Count ((8, 360), (7, 180)) = 117
Count ((8, 359), (7, 179)) = 117
Count ((8, 358), (7, 179)) = 117
Count ((8, 357), (7, 178)) = 117
Count ((8, 356), (7, 178)) = 117
Count ((8, 355), (7, 177)) = 117
Count ((8, 354), (7, 177)) = 117
Count ((8, 353), (7, 176)) = 117
Count ((8, 352), (7, 176)) = 117
Count ((8, 351), (7, 175)) = 117
Count ((8, 350), (7, 175)) = 117
Count ((8, 349), (7, 174)) = 117
Count ((8, 348), (7, 174)) = 117
Count ((8, 347), (7, 173)) = 117
Count ((8, 346), (7, 173)) = 117
Count ((8, 345), (7, 172)) = 117
Count ((8, 344), (7, 172)) = 117
Count ((8, 343), (7, 171)) = 117
Count ((8, 342), (7, 171)) = 117
Count ((8, 341), (7, 170)) = 117
Count ((8, 340), (7, 170)) = 117
Count ((8, 339), (7, 169)) = 117
Count ((8, 338), (7, 169)) = 117
Count ((8, 337), (7, 168)) = 117
Count ((8, 336), (7, 168)) = 117
Count ((8, 335), (7, 167)) = 117
Count ((8, 334), (7, 167)) = 117
Count ((8, 333), (7, 166)) = 117
Count ((8, 332), (7, 166)) = 117
Count ((8, 331), (7, 165)) = 117
Count ((8, 330), (7, 165)) = 117
Count ((8, 329), (7, 164)) = 117
Count ((8, 328), (7, 164)) = 117
Count ((8, 327), (7, 163)) = 117
Count ((8, 326), (7, 163)) = 117
Count ((8, 325), (7, 162)) = 117
Count ((8, 324), (7, 162)) = 117
Count ((8, 323), (7, 161)) = 117
Count ((8, 322), (7, 161)) = 117
Count ((8, 321), (7, 160)) = 117
Count ((8, 320), (7, 160)) = 117
Count ((8, 319), (7, 159)) = 117
Count ((8, 318), (7, 159)) = 117
Count ((8, 317), (7, 158)) = 117
Count ((8, 316), (7, 158)) = 117
Count ((8, 315), (7, 157)) = 117
Count ((8, 314), (7, 157)) = 117
Count ((8, 313), (7, 156)) = 117
Count ((8, 312), (7, 156)) = 117
Count ((8, 311), (7, 155)) = 117
Count ((8, 310), (7, 155)) = 117
Count ((8, 309), (7, 154)) = 117
Count ((8, 308), (7, 154)) = 117
Count ((8, 307), (7, 153)) = 117
Count ((8, 306), (7, 153)) = 117
Count ((8, 305), (7, 152)) = 117
Count ((8, 304), (7, 152)) = 117
Count ((8, 303), (7, 151)) = 117
Count ((8, 302), (7, 151)) = 117
Count ((8, 301), (7, 150)) = 117
Count ((8, 300), (7, 150)) = 117
Count ((8, 299), (7, 149)) = 117
Count ((8, 298), (7, 149)) = 117
Count ((8, 297), (7, 148)) = 117
Count ((8, 296), (7, 148)) = 117
Count ((8, 295), (7, 147)) = 117
Count ((8, 294), (7, 147)) = 117
Count ((8, 293), (7, 146)) = 117
Count ((8, 292), (7, 146)) = 117
Count ((8, 291), (7, 145)) = 117
Count ((8, 290), (7, 145)) = 117
Count ((8, 289), (7, 144)) = 117
Count ((8, 288), (7, 144)) = 117
Count ((8, 287), (7, 143)) = 117
Count ((8, 286), (7, 143)) = 117
Count ((8, 285), (7, 142)) = 117
Count ((8, 284), (7, 142)) = 117
Count ((8, 283), (7, 141)) = 117
Count ((8, 282), (7, 141)) = 117
Count ((8, 281), (7, 140)) = 117
Count ((8, 280), (7, 140)) = 117
Count ((8, 279), (7, 139)) = 117
Count ((8, 278), (7, 139)) = 117
Count ((8, 277), (7, 138)) = 117
Count ((8, 276), (7, 138)) = 117
Count ((8, 275), (7, 137)) = 117
Count ((8, 274), (7, 137)) = 117
Count ((8, 273), (7, 136)) = 117
Count ((8, 272), (7, 136)) = 117
Count ((8, 271), (7, 135)) = 117
Count ((8, 270), (7, 135)) = 117
Count ((8, 269), (7, 134)) = 117
Count ((8, 268), (7, 134)) = 117
Count ((8, 267), (7, 133)) = 117
Count ((8, 266), (7, 133)) = 117
Count ((8, 265), (7, 132)) = 117
Count ((8, 264), (7, 132)) = 117
Count ((8, 263), (7, 131)) = 117
Count ((8, 262), (7, 131)) = 117
Count ((8, 261), (7, 130)) = 117
Count ((8, 260), (7, 130)) = 117
Count ((8, 259), (7, 129)) = 117
Count ((8, 258), (7, 129)) = 117
Count ((8, 257), (7, 128)) = 117
Count ((8, 256), (7, 128)) = 117
Count ((8, 255), (7, 127)) = 117
Count ((8, 254), (7, 127)) = 117
Count ((8, 253), (7, 126)) = 117
Count ((8, 252), (7, 126)) = 117
Count ((8, 251), (7, 125)) = 117
Count ((8, 250), (7, 125)) = 117
Count ((8, 249), (7, 124)) = 117
Count ((8, 248), (7, 124)) = 117
Count ((8, 247), (7, 123)) = 117
Count ((8, 246), (7, 123)) = 117
Count ((8, 245), (7, 122)) = 117
Count ((8, 244), (7, 122)) = 117
Count ((8, 243), (7, 121)) = 117
Count ((8, 242), (7, 121)) = 117
Count ((8, 241), (7, 120)) = 117
Count ((8, 240), (7, 120)) = 117
Count ((8, 239), (7, 119)) = 117
Count ((8, 238), (7, 119)) = 117
Count ((8, 237), (7, 118)) = 117
Count ((8, 236), (7, 118)) = 117
Count ((8, 235), (7, 117)) = 117
Count ((8, 234), (7, 117)) = 117
Count ((8, 233), (7, 116)) = 117
Count ((8, 232), (7, 116)) = 117
Count ((8, 231), (7, 115)) = 117
Count ((8, 230), (7, 115)) = 117
Count ((8, 229), (7, 114)) = 117
Count ((8, 228), (7, 114)) = 117
Count ((8, 227), (7, 113)) = 117
Count ((8, 226), (7, 113)) = 117
Count ((8, 225), (7, 112)) = 117
Count ((8, 224), (7, 112)) = 117
Count ((8, 223), (7, 111)) = 117
Count ((8, 222), (7, 111)) = 117
Count ((8, 221), (7, 110)) = 117
Count ((8, 220), (7, 110)) = 117
Count ((8, 219), (7, 109)) = 117
Count ((8, 218), (7, 109)) = 117
Count ((8, 217), (7, 108)) = 117
Count ((8, 216), (7, 108)) = 117
Count ((8, 215), (7, 107)) = 117
Count ((8, 214), (7, 107)) = 117
Count ((8, 213), (7, 106)) = 117
Count ((8, 212), (7, 106)) = 117
Count ((8, 211), (7, 105)) = 117
Count ((8, 210), (7, 105)) = 117
Count ((8, 209), (7, 104)) = 117
Count ((8, 208), (7, 104)) = 117
Count ((8, 207), (7, 103)) = 117
Count ((8, 206), (7, 103)) = 117
Count ((8, 205), (7, 102)) = 117
Count ((8, 204), (7, 102)) = 117
Count ((8, 203), (7, 101)) = 117
Count ((8, 202), (7, 101)) = 117
Count ((8, 201), (7, 100)) = 117
Count ((8, 200), (7, 100)) = 117
Count ((8, 199), (7, 99)) = 117
Count ((8, 198), (7, 99)) = 117
Count ((8, 197), (7, 98)) = 117
Count ((8, 196), (7, 98)) = 117
Count ((8, 195), (7, 97)) = 117
Count ((8, 194), (7, 97)) = 117
Count ((8, 193), (7, 96)) = 117
Count ((8, 192), (7, 96)) = 117
Count ((8, 191), (7, 95)) = 117
Count ((8, 190), (7, 95)) = 117
Count ((8, 189), (7, 94)) = 117
Count ((8, 188), (7, 94)) = 117
Count ((8, 187), (7, 93)) = 117
Count ((8, 186), (7, 93)) = 117
Count ((8, 185), (7, 92)) = 117
Count ((8, 184), (7, 92)) = 117
Count ((8, 183), (7, 91)) = 117
Count ((8, 182), (7, 91)) = 117
Count ((8, 181), (7, 90)) = 117
Count ((8, 180), (7, 90)) = 117
Count ((8, 179), (7, 89)) = 117
Count ((8, 178), (7, 89)) = 117
Count ((8, 177), (7, 88)) = 117
Count ((8, 176), (7, 88)) = 117
Count ((8, 175), (7, 87)) = 117
Count ((8, 174), (7, 87)) = 117
Count ((8, 173), (7, 86)) = 117
Count ((8, 172), (7, 86)) = 117
Count ((8, 171), (7, 85)) = 117
Count ((8, 170), (7, 85)) = 117
Count ((8, 169), (7, 84)) = 117
Count ((8, 168), (7, 84)) = 117
Count ((8, 167), (7, 83)) = 117
Count ((8, 166), (7, 83)) = 117
Count ((8, 165), (7, 82)) = 117
Count ((8, 164), (7, 82)) = 117
Count ((8, 163), (7, 81)) = 117
Count ((8, 162), (7, 81)) = 117
Count ((8, 161), (7, 80)) = 117
Count ((8, 160), (7, 80)) = 117
Count ((8, 159), (7, 79)) = 117
Count ((8, 158), (7, 79)) = 117
Count ((8, 157), (7, 78)) = 117
Count ((8, 156), (7, 78)) = 117
Count ((8, 155), (7, 77)) = 117
Count ((8, 154), (7, 77)) = 117
Count ((8, 153), (7, 76)) = 117
Count ((8, 152), (7, 76)) = 117
Count ((8, 151), (7, 75)) = 117
Count ((8, 150), (7, 75)) = 117
Count ((8, 149), (7, 74)) = 117
Count ((8, 148), (7, 74)) = 117
Count ((8, 147), (7, 73)) = 117
Count ((8, 146), (7, 73)) = 117
Count ((8, 145), (7, 72)) = 117
Count ((8, 144), (7, 72)) = 117
Count ((8, 143), (7, 71)) = 117
Count ((8, 142), (7, 71)) = 117
Count ((8, 141), (7, 70)) = 117
Count ((8, 140), (7, 70)) = 117
Count ((8, 139), (7, 69)) = 117
Count ((8, 138), (7, 69)) = 117
Count ((8, 137), (7, 68)) = 117
Count ((8, 136), (7, 68)) = 117
Count ((8, 135), (7, 67)) = 117
Count ((8, 134), (7, 67)) = 117
Count ((8, 133), (7, 66)) = 117
Count ((8, 132), (7, 66)) = 117
Count ((8, 131), (7, 65)) = 117
Count ((8, 130), (7, 65)) = 117
Count ((8, 129), (7, 64)) = 117
Count ((8, 128), (7, 64)) = 117
Count ((8, 127), (7, 63)) = 117
Count ((8, 126), (7, 63)) = 117
Count ((8, 125), (7, 62)) = 117
Count ((8, 124), (7, 62)) = 117
Count ((8, 123), (7, 61)) = 117
Count ((8, 122), (7, 61)) = 117
Count ((8, 121), (7, 60)) = 117
Count ((8, 120), (7, 60)) = 117
Count ((8, 119), (7, 59)) = 117
Count ((8, 118), (7, 59)) = 117
Count ((8, 117), (7, 58)) = 117
Count ((8, 116), (7, 58)) = 117
Count ((8, 115), (7, 57)) = 117
Count ((8, 114), (7, 57)) = 117
Count ((8, 113), (7, 56)) = 117
Count ((8, 112), (7, 56)) = 117
Count ((8, 111), (7, 55)) = 117
Count ((8, 110), (7, 55)) = 117
Count ((8, 109), (7, 54)) = 117
Count ((8, 108), (7, 54)) = 117
Count ((8, 107), (7, 53)) = 117
Count ((8, 106), (7, 53)) = 117
Count ((8, 105), (7, 52)) = 117
Count ((8, 104), (7, 52)) = 117
Count ((8, 103), (7, 51)) = 117
Count ((8, 102), (7, 51)) = 117
Count ((8, 101), (7, 50)) = 117
Count ((8, 100), (7, 50)) = 117
Count ((8, 99), (7, 49)) = 117
Count ((8, 98), (7, 49)) = 117
Count ((8, 97), (7, 48)) = 117
Count ((8, 96), (7, 48)) = 117
Count ((8, 95), (7, 47)) = 117
Count ((8, 94), (7, 47)) = 117
Count ((8, 93), (7, 46)) = 117
Count ((8, 92), (7, 46)) = 117
Count ((8, 91), (7, 45)) = 117
Count ((8, 90), (7, 45)) = 117
Count ((8, 89), (7, 44)) = 117
Count ((8, 88), (7, 44)) = 117
Count ((8, 87), (7, 43)) = 117
Count ((8, 86), (7, 43)) = 117
Count ((8, 85), (7, 42)) = 117
Count ((8, 84), (7, 42)) = 117
Count ((8, 83), (7, 41)) = 117
Count ((8, 82), (7, 41)) = 117
Count ((8, 81), (7, 40)) = 117
Count ((8, 80), (7, 40)) = 117
Count ((8, 79), (7, 39)) = 117
Count ((8, 78), (7, 39)) = 117
Count ((8, 77), (7, 38)) = 117
Count ((8, 76), (7, 38)) = 117
Count ((8, 75), (7, 37)) = 117
Count ((8, 74), (7, 37)) = 117
Count ((8, 73), (7, 36)) = 117
Count ((8, 72), (7, 36)) = 117
Count ((8, 71), (7, 35)) = 117
Count ((8, 70), (7, 35)) = 117
Count ((8, 69), (7, 34)) = 117
Count ((8, 68), (7, 34)) = 117
Count ((8, 67), (7, 33)) = 117
Count ((8, 66), (7, 33)) = 117
Count ((8, 65), (7, 32)) = 117
Count ((8, 64), (7, 32)) = 117
Count ((8, 63), (7, 31)) = 117
Count ((8, 62), (7, 31)) = 117
Count ((8, 61), (7, 30)) = 117
Count ((8, 60), (7, 30)) = 117
Count ((8, 59), (7, 29)) = 117
Count ((8, 58), (7, 29)) = 117
Count ((8, 57), (7, 28)) = 117
Count ((8, 56), (7, 28)) = 117
Count ((8, 55), (7, 27)) = 117
Count ((8, 54), (7, 27)) = 117
Count ((8, 53), (7, 26)) = 117
Count ((8, 52), (7, 26)) = 117
Count ((8, 51), (7, 25)) = 117
Count ((8, 50), (7, 25)) = 117
Count ((8, 49), (7, 24)) = 117
Count ((8, 48), (7, 24)) = 117
Count ((8, 47), (7, 23)) = 117
Count ((8, 46), (7, 23)) = 117
Count ((8, 45), (7, 22)) = 117
Count ((8, 44), (7, 22)) = 117
Count ((8, 43), (7, 21)) = 117
Count ((8, 42), (7, 21)) = 117
Count ((8, 41), (7, 20)) = 117
Count ((8, 40), (7, 20)) = 117
Count ((8, 39), (7, 19)) = 117
Count ((8, 38), (7, 19)) = 117
Count ((8, 37), (7, 18)) = 117
Count ((8, 36), (7, 18)) = 117
Count ((8, 35), (7, 17)) = 117
Count ((8, 34), (7, 17)) = 117
Count ((8, 33), (7, 16)) = 117
Count ((8, 32), (7, 16)) = 117
Count ((8, 31), (7, 15)) = 117
Count ((8, 30), (7, 15)) = 117
Count ((8, 29), (7, 14)) = 117
Count ((8, 28), (7, 14)) = 117
Count ((8, 27), (7, 13)) = 117
Count ((8, 26), (7, 13)) = 117
Count ((8, 25), (7, 12)) = 117
Count ((8, 24), (7, 12)) = 117
Count ((8, 23), (7, 11)) = 117
Count ((8, 22), (7, 11)) = 117
Count ((8, 21), (7, 10)) = 117
Count ((8, 20), (7, 10)) = 117
Count ((8, 19), (7, 9)) = 117
Count ((8, 18), (7, 9)) = 117
Count ((8, 17), (7, 8)) = 117
Count ((8, 16), (7, 8)) = 117
Count ((8, 15), (7, 7)) = 117
Count ((8, 14), (7, 7)) = 117
Count ((8, 13), (7, 6)) = 117
Count ((8, 12), (7, 6)) = 117
Count ((8, 11), (7, 5)) = 117
Count ((8, 10), (7, 5)) = 117
Count ((8, 9), (7, 4)) = 117
Count ((8, 8), (7, 4)) = 117
Count ((8, 7), (7, 3)) = 117
Count ((8, 6), (7, 3)) = 117
Count ((8, 5), (7, 2)) = 117
Count ((8, 4), (7, 2)) = 117
Count ((8, 3), (7, 1)) = 117
Count ((8, 2), (7, 1)) = 117
Count ((8, 1), (7, 0)) = 117
Count ((8, 0), (7, 0)) = 78
Count ((7, 255), (6, 127)) = 266
Count ((7, 254), (6, 127)) = 266
Count ((7, 253), (6, 126)) = 266
Count ((7, 252), (6, 126)) = 266
Count ((7, 251), (6, 125)) = 266
Count ((7, 250), (6, 125)) = 266
Count ((7, 249), (6, 124)) = 266
Count ((7, 248), (6, 124)) = 266
Count ((7, 247), (6, 123)) = 266
Count ((7, 246), (6, 123)) = 266
Count ((7, 245), (6, 122)) = 266
Count ((7, 244), (6, 122)) = 266
Count ((7, 243), (6, 121)) = 266
Count ((7, 242), (6, 121)) = 266
Count ((7, 241), (6, 120)) = 266
Count ((7, 240), (6, 120)) = 266
Count ((7, 239), (6, 119)) = 266
Count ((7, 238), (6, 119)) = 266
Count ((7, 237), (6, 118)) = 266
Count ((7, 236), (6, 118)) = 266
Count ((7, 235), (6, 117)) = 266
Count ((7, 234), (6, 117)) = 266
Count ((7, 233), (6, 116)) = 266
Count ((7, 232), (6, 116)) = 266
Count ((7, 231), (6, 115)) = 266
Count ((7, 230), (6, 115)) = 266
Count ((7, 229), (6, 114)) = 266
Count ((7, 228), (6, 114)) = 266
Count ((7, 227), (6, 113)) = 266
Count ((7, 226), (6, 113)) = 266
Count ((7, 225), (6, 112)) = 266
Count ((7, 224), (6, 112)) = 266
Count ((7, 223), (6, 111)) = 266
Count ((7, 222), (6, 111)) = 266
Count ((7, 221), (6, 110)) = 266
Count ((7, 220), (6, 110)) = 266
Count ((7, 219), (6, 109)) = 266
Count ((7, 218), (6, 109)) = 266
Count ((7, 217), (6, 108)) = 266
Count ((7, 216), (6, 108)) = 266
Count ((7, 215), (6, 107)) = 266
Count ((7, 214), (6, 107)) = 266
Count ((7, 213), (6, 106)) = 266
Count ((7, 212), (6, 106)) = 266
Count ((7, 211), (6, 105)) = 266
Count ((7, 210), (6, 105)) = 266
Count ((7, 209), (6, 104)) = 266
Count ((7, 208), (6, 104)) = 266
Count ((7, 207), (6, 103)) = 266
Count ((7, 206), (6, 103)) = 266
Count ((7, 205), (6, 102)) = 266
Count ((7, 204), (6, 102)) = 266
Count ((7, 203), (6, 101)) = 266
Count ((7, 202), (6, 101)) = 266
Count ((7, 201), (6, 100)) = 266
Count ((7, 200), (6, 100)) = 266
Count ((7, 199), (6, 99)) = 266
Count ((7, 198), (6, 99)) = 266
Count ((7, 197), (6, 98)) = 266
Count ((7, 196), (6, 98)) = 266
Count ((7, 195), (6, 97)) = 266
Count ((7, 194), (6, 97)) = 266
Count ((7, 193), (6, 96)) = 266
Count ((7, 192), (6, 96)) = 266
Count ((7, 191), (6, 95)) = 266
Count ((7, 190), (6, 95)) = 266
Count ((7, 189), (6, 94)) = 266
Count ((7, 188), (6, 94)) = 266
Count ((7, 187), (6, 93)) = 266
Count ((7, 186), (6, 93)) = 266
Count ((7, 185), (6, 92)) = 266
Count ((7, 184), (6, 92)) = 266
Count ((7, 183), (6, 91)) = 266
Count ((7, 182), (6, 91)) = 266
Count ((7, 181), (6, 90)) = 266
Count ((7, 180), (6, 90)) = 266
Count ((7, 179), (6, 89)) = 266
Count ((7, 178), (6, 89)) = 266
Count ((7, 177), (6, 88)) = 266
Count ((7, 176), (6, 88)) = 266
Count ((7, 175), (6, 87)) = 266
Count ((7, 174), (6, 87)) = 266
Count ((7, 173), (6, 86)) = 266
Count ((7, 172), (6, 86)) = 266
Count ((7, 171), (6, 85)) = 266
Count ((7, 170), (6, 85)) = 266
Count ((7, 169), (6, 84)) = 266
Count ((7, 168), (6, 84)) = 266
Count ((7, 167), (6, 83)) = 266
Count ((7, 166), (6, 83)) = 266
Count ((7, 165), (6, 82)) = 266
Count ((7, 164), (6, 82)) = 266
Count ((7, 163), (6, 81)) = 266
Count ((7, 162), (6, 81)) = 266
Count ((7, 161), (6, 80)) = 266
Count ((7, 160), (6, 80)) = 266
Count ((7, 159), (6, 79)) = 266
Count ((7, 158), (6, 79)) = 266
Count ((7, 157), (6, 78)) = 266
Count ((7, 156), (6, 78)) = 266
Count ((7, 155), (6, 77)) = 266
Count ((7, 154), (6, 77)) = 266
Count ((7, 153), (6, 76)) = 266
Count ((7, 152), (6, 76)) = 266
Count ((7, 151), (6, 75)) = 266
Count ((7, 150), (6, 75)) = 266
Count ((7, 149), (6, 74)) = 266
Count ((7, 148), (6, 74)) = 266
Count ((7, 147), (6, 73)) = 266
Count ((7, 146), (6, 73)) = 266
Count ((7, 145), (6, 72)) = 266
Count ((7, 144), (6, 72)) = 266
Count ((7, 143), (6, 71)) = 266
Count ((7, 142), (6, 71)) = 266
Count ((7, 141), (6, 70)) = 266
Count ((7, 140), (6, 70)) = 266
Count ((7, 139), (6, 69)) = 266
Count ((7, 138), (6, 69)) = 266
Count ((7, 137), (6, 68)) = 266
Count ((7, 136), (6, 68)) = 266
Count ((7, 135), (6, 67)) = 266
Count ((7, 134), (6, 67)) = 266
Count ((7, 133), (6, 66)) = 266
Count ((7, 132), (6, 66)) = 266
Count ((7, 131), (6, 65)) = 266
Count ((7, 130), (6, 65)) = 266
Count ((7, 129), (6, 64)) = 266
Count ((7, 128), (6, 64)) = 266
Count ((7, 127), (6, 63)) = 266
Count ((7, 126), (6, 63)) = 266
Count ((7, 125), (6, 62)) = 266
Count ((7, 124), (6, 62)) = 266
Count ((7, 123), (6, 61)) = 266
Count ((7, 122), (6, 61)) = 266
Count ((7, 121), (6, 60)) = 266
Count ((7, 120), (6, 60)) = 266
Count ((7, 119), (6, 59)) = 266
Count ((7, 118), (6, 59)) = 266
Count ((7, 117), (6, 58)) = 266
Count ((7, 116), (6, 58)) = 266
Count ((7, 115), (6, 57)) = 266
Count ((7, 114), (6, 57)) = 266
Count ((7, 113), (6, 56)) = 266
Count ((7, 112), (6, 56)) = 266
Count ((7, 111), (6, 55)) = 266
Count ((7, 110), (6, 55)) = 266
Count ((7, 109), (6, 54)) = 266
Count ((7, 108), (6, 54)) = 266
Count ((7, 107), (6, 53)) = 266
Count ((7, 106), (6, 53)) = 266
Count ((7, 105), (6, 52)) = 266
Count ((7, 104), (6, 52)) = 266
Count ((7, 103), (6, 51)) = 266
Count ((7, 102), (6, 51)) = 266
Count ((7, 101), (6, 50)) = 266
Count ((7, 100), (6, 50)) = 266
Count ((7, 99), (6, 49)) = 266
Count ((7, 98), (6, 49)) = 266
Count ((7, 97), (6, 48)) = 266
Count ((7, 96), (6, 48)) = 266
Count ((7, 95), (6, 47)) = 266
Count ((7, 94), (6, 47)) = 266
Count ((7, 93), (6, 46)) = 266
Count ((7, 92), (6, 46)) = 266
Count ((7, 91), (6, 45)) = 266
Count ((7, 90), (6, 45)) = 266
Count ((7, 89), (6, 44)) = 266
Count ((7, 88), (6, 44)) = 266
Count ((7, 87), (6, 43)) = 266
Count ((7, 86), (6, 43)) = 266
Count ((7, 85), (6, 42)) = 266
Count ((7, 84), (6, 42)) = 266
Count ((7, 83), (6, 41)) = 266
Count ((7, 82), (6, 41)) = 266
Count ((7, 81), (6, 40)) = 266
Count ((7, 80), (6, 40)) = 266
Count ((7, 79), (6, 39)) = 266
Count ((7, 78), (6, 39)) = 266
Count ((7, 77), (6, 38)) = 266
Count ((7, 76), (6, 38)) = 266
Count ((7, 75), (6, 37)) = 266
Count ((7, 74), (6, 37)) = 266
Count ((7, 73), (6, 36)) = 266
Count ((7, 72), (6, 36)) = 266
Count ((7, 71), (6, 35)) = 266
Count ((7, 70), (6, 35)) = 266
Count ((7, 69), (6, 34)) = 266
Count ((7, 68), (6, 34)) = 266
Count ((7, 67), (6, 33)) = 266
Count ((7, 66), (6, 33)) = 266
Count ((7, 65), (6, 32)) = 266
Count ((7, 64), (6, 32)) = 266
Count ((7, 63), (6, 31)) = 266
Count ((7, 62), (6, 31)) = 266
Count ((7, 61), (6, 30)) = 266
Count ((7, 60), (6, 30)) = 266
Count ((7, 59), (6, 29)) = 266
Count ((7, 58), (6, 29)) = 266
Count ((7, 57), (6, 28)) = 266
Count ((7, 56), (6, 28)) = 266
Count ((7, 55), (6, 27)) = 266
Count ((7, 54), (6, 27)) = 266
Count ((7, 53), (6, 26)) = 266
Count ((7, 52), (6, 26)) = 266
Count ((7, 51), (6, 25)) = 266
Count ((7, 50), (6, 25)) = 266
Count ((7, 49), (6, 24)) = 266
Count ((7, 48), (6, 24)) = 266
Count ((7, 47), (6, 23)) = 266
Count ((7, 46), (6, 23)) = 266
Count ((7, 45), (6, 22)) = 266
Count ((7, 44), (6, 22)) = 266
Count ((7, 43), (6, 21)) = 266
Count ((7, 42), (6, 21)) = 266
Count ((7, 41), (6, 20)) = 266
Count ((7, 40), (6, 20)) = 266
Count ((7, 39), (6, 19)) = 266
Count ((7, 38), (6, 19)) = 266
Count ((7, 37), (6, 18)) = 266
Count ((7, 36), (6, 18)) = 266
Count ((7, 35), (6, 17)) = 266
Count ((7, 34), (6, 17)) = 266
Count ((7, 33), (6, 16)) = 266
Count ((7, 32), (6, 16)) = 266
Count ((7, 31), (6, 15)) = 266
Count ((7, 30), (6, 15)) = 266
Count ((7, 29), (6, 14)) = 266
Count ((7, 28), (6, 14)) = 266
Count ((7, 27), (6, 13)) = 266
Count ((7, 26), (6, 13)) = 266
Count ((7, 25), (6, 12)) = 266
Count ((7, 24), (6, 12)) = 266
Count ((7, 23), (6, 11)) = 266
Count ((7, 22), (6, 11)) = 266
Count ((7, 21), (6, 10)) = 266
Count ((7, 20), (6, 10)) = 266
Count ((7, 19), (6, 9)) = 266
Count ((7, 18), (6, 9)) = 266
Count ((7, 17), (6, 8)) = 266
Count ((7, 16), (6, 8)) = 266
Count ((7, 15), (6, 7)) = 266
Count ((7, 14), (6, 7)) = 266
Count ((7, 13), (6, 6)) = 266
Count ((7, 12), (6, 6)) = 266
Count ((7, 11), (6, 5)) = 266
Count ((7, 10), (6, 5)) = 266
Count ((7, 9), (6, 4)) = 266
Count ((7, 8), (6, 4)) = 266
Count ((7, 7), (6, 3)) = 266
Count ((7, 6), (6, 3)) = 266
Count ((7, 5), (6, 2)) = 266
Count ((7, 4), (6, 2)) = 266
Count ((7, 3), (6, 1)) = 266
Count ((7, 2), (6, 1)) = 266
Count ((7, 1), (6, 0)) = 266
Count ((7, 0), (6, 0)) = 209
Count ((6, 127), (5, 63)) = 456
Count ((6, 126), (5, 63)) = 600
Count ((6, 125), (5, 62)) = 600
Count ((6, 124), (5, 62)) = 600
Count ((6, 123), (5, 61)) = 600
Count ((6, 122), (5, 61)) = 600
Count ((6, 121), (5, 60)) = 600
Count ((6, 120), (5, 60)) = 600
Count ((6, 119), (5, 59)) = 600
Count ((6, 118), (5, 59)) = 600
Count ((6, 117), (5, 58)) = 600
Count ((6, 116), (5, 58)) = 600
Count ((6, 115), (5, 57)) = 600
Count ((6, 114), (5, 57)) = 600
Count ((6, 113), (5, 56)) = 600
Count ((6, 112), (5, 56)) = 600
Count ((6, 111), (5, 55)) = 600
Count ((6, 110), (5, 55)) = 600
Count ((6, 109), (5, 54)) = 600
Count ((6, 108), (5, 54)) = 600
Count ((6, 107), (5, 53)) = 600
Count ((6, 106), (5, 53)) = 600
Count ((6, 105), (5, 52)) = 600
Count ((6, 104), (5, 52)) = 600
Count ((6, 103), (5, 51)) = 600
Count ((6, 102), (5, 51)) = 600
Count ((6, 101), (5, 50)) = 600
Count ((6, 100), (5, 50)) = 600
Count ((6, 99), (5, 49)) = 600
Count ((6, 98), (5, 49)) = 600
Count ((6, 97), (5, 48)) = 600
Count ((6, 96), (5, 48)) = 600
Count ((6, 95), (5, 47)) = 600
Count ((6, 94), (5, 47)) = 600
Count ((6, 93), (5, 46)) = 600
Count ((6, 92), (5, 46)) = 600
Count ((6, 91), (5, 45)) = 600
Count ((6, 90), (5, 45)) = 600
Count ((6, 89), (5, 44)) = 600
Count ((6, 88), (5, 44)) = 600
Count ((6, 87), (5, 43)) = 600
Count ((6, 86), (5, 43)) = 600
Count ((6, 85), (5, 42)) = 600
Count ((6, 84), (5, 42)) = 600
Count ((6, 83), (5, 41)) = 600
Count ((6, 82), (5, 41)) = 600
Count ((6, 81), (5, 40)) = 600
Count ((6, 80), (5, 40)) = 600
Count ((6, 79), (5, 39)) = 600
Count ((6, 78), (5, 39)) = 600
Count ((6, 77), (5, 38)) = 600
Count ((6, 76), (5, 38)) = 600
Count ((6, 75), (5, 37)) = 600
Count ((6, 74), (5, 37)) = 600
Count ((6, 73), (5, 36)) = 600
Count ((6, 72), (5, 36)) = 600
Count ((6, 71), (5, 35)) = 600
Count ((6, 70), (5, 35)) = 600
Count ((6, 69), (5, 34)) = 600
Count ((6, 68), (5, 34)) = 600
Count ((6, 67), (5, 33)) = 600
Count ((6, 66), (5, 33)) = 600
Count ((6, 65), (5, 32)) = 600
Count ((6, 64), (5, 32)) = 600
Count ((6, 63), (5, 31)) = 600
Count ((6, 62), (5, 31)) = 600
Count ((6, 61), (5, 30)) = 600
Count ((6, 60), (5, 30)) = 600
Count ((6, 59), (5, 29)) = 600
Count ((6, 58), (5, 29)) = 600
Count ((6, 57), (5, 28)) = 600
Count ((6, 56), (5, 28)) = 600
Count ((6, 55), (5, 27)) = 600
Count ((6, 54), (5, 27)) = 600
Count ((6, 53), (5, 26)) = 600
Count ((6, 52), (5, 26)) = 600
Count ((6, 51), (5, 25)) = 600
Count ((6, 50), (5, 25)) = 600
Count ((6, 49), (5, 24)) = 600
Count ((6, 48), (5, 24)) = 600
Count ((6, 47), (5, 23)) = 600
Count ((6, 46), (5, 23)) = 600
Count ((6, 45), (5, 22)) = 600
Count ((6, 44), (5, 22)) = 600
Count ((6, 43), (5, 21)) = 600
Count ((6, 42), (5, 21)) = 600
Count ((6, 41), (5, 20)) = 600
Count ((6, 40), (5, 20)) = 600
Count ((6, 39), (5, 19)) = 600
Count ((6, 38), (5, 19)) = 600
Count ((6, 37), (5, 18)) = 600
Count ((6, 36), (5, 18)) = 600
Count ((6, 35), (5, 17)) = 600
Count ((6, 34), (5, 17)) = 600
Count ((6, 33), (5, 16)) = 600
Count ((6, 32), (5, 16)) = 600
Count ((6, 31), (5, 15)) = 600
Count ((6, 30), (5, 15)) = 600
Count ((6, 29), (5, 14)) = 600
Count ((6, 28), (5, 14)) = 600
Count ((6, 27), (5, 13)) = 600
Count ((6, 26), (5, 13)) = 600
Count ((6, 25), (5, 12)) = 600
Count ((6, 24), (5, 12)) = 600
Count ((6, 23), (5, 11)) = 600
Count ((6, 22), (5, 11)) = 600
Count ((6, 21), (5, 10)) = 600
Count ((6, 20), (5, 10)) = 600
Count ((6, 19), (5, 9)) = 600
Count ((6, 18), (5, 9)) = 600
Count ((6, 17), (5, 8)) = 600
Count ((6, 16), (5, 8)) = 600
Count ((6, 15), (5, 7)) = 600
Count ((6, 14), (5, 7)) = 600
Count ((6, 13), (5, 6)) = 600
Count ((6, 12), (5, 6)) = 600
Count ((6, 11), (5, 5)) = 600
Count ((6, 10), (5, 5)) = 600
Count ((6, 9), (5, 4)) = 600
Count ((6, 8), (5, 4)) = 600
Count ((6, 7), (5, 3)) = 600
Count ((6, 6), (5, 3)) = 600
Count ((6, 5), (5, 2)) = 600
Count ((6, 4), (5, 2)) = 600
Count ((6, 3), (5, 1)) = 600
Count ((6, 2), (5, 1)) = 600
Count ((6, 1), (5, 0)) = 600
Count ((6, 0), (5, 0)) = 525
Count ((5, 63), (4, 31)) = 1100
Count ((5, 62), (4, 31)) = 1364
Count ((5, 61), (4, 30)) = 1364
Count ((5, 60), (4, 30)) = 1364
Count ((5, 59), (4, 29)) = 1364
Count ((5, 58), (4, 29)) = 1364
Count ((5, 57), (4, 28)) = 1364
Count ((5, 56), (4, 28)) = 1364
Count ((5, 55), (4, 27)) = 1364
Count ((5, 54), (4, 27)) = 1364
Count ((5, 53), (4, 26)) = 1364
Count ((5, 52), (4, 26)) = 1364
Count ((5, 51), (4, 25)) = 1364
Count ((5, 50), (4, 25)) = 1364
Count ((5, 49), (4, 24)) = 1364
Count ((5, 48), (4, 24)) = 1364
Count ((5, 47), (4, 23)) = 1364
Count ((5, 46), (4, 23)) = 1364
Count ((5, 45), (4, 22)) = 1364
Count ((5, 44), (4, 22)) = 1364
Count ((5, 43), (4, 21)) = 1364
Count ((5, 42), (4, 21)) = 1364
Count ((5, 41), (4, 20)) = 1364
Count ((5, 40), (4, 20)) = 1364
Count ((5, 39), (4, 19)) = 1364
Count ((5, 38), (4, 19)) = 1364
Count ((5, 37), (4, 18)) = 1364
Count ((5, 36), (4, 18)) = 1364
Count ((5, 35), (4, 17)) = 1364
Count ((5, 34), (4, 17)) = 1364
Count ((5, 33), (4, 16)) = 1364
Count ((5, 32), (4, 16)) = 1364
Count ((5, 31), (4, 15)) = 1364
Count ((5, 30), (4, 15)) = 1364
Count ((5, 29), (4, 14)) = 1364
Count ((5, 28), (4, 14)) = 1364
Count ((5, 27), (4, 13)) = 1364
Count ((5, 26), (4, 13)) = 1364
Count ((5, 25), (4, 12)) = 1364
Count ((5, 24), (4, 12)) = 1364
Count ((5, 23), (4, 11)) = 1364
Count ((5, 22), (4, 11)) = 1364
Count ((5, 21), (4, 10)) = 1364
Count ((5, 20), (4, 10)) = 1364
Count ((5, 19), (4, 9)) = 1364
Count ((5, 18), (4, 9)) = 1364
Count ((5, 17), (4, 8)) = 1364
Count ((5, 16), (4, 8)) = 1364
Count ((5, 15), (4, 7)) = 1364
Count ((5, 14), (4, 7)) = 1364
Count ((5, 13), (4, 6)) = 1364
Count ((5, 12), (4, 6)) = 1364
Count ((5, 11), (4, 5)) = 1364
Count ((5, 10), (4, 5)) = 1364
Count ((5, 9), (4, 4)) = 1364
Count ((5, 8), (4, 4)) = 1364
Count ((5, 7), (4, 3)) = 1364
Count ((5, 6), (4, 3)) = 1364
Count ((5, 5), (4, 2)) = 1364
Count ((5, 4), (4, 2)) = 1364
Count ((5, 3), (4, 1)) = 1364
Count ((5, 2), (4, 1)) = 1364
Count ((5, 1), (4, 0)) = 1364
Count ((5, 0), (4, 0)) = 1025
Count ((4, 31), (3, 15)) = 2100
Count ((4, 30), (3, 15)) = 3256
Count ((4, 29), (3, 14)) = 3108
Count ((4, 28), (3, 14)) = 3108
Count ((4, 27), (3, 13)) = 3219
Count ((4, 26), (3, 13)) = 3108
Count ((4, 25), (3, 12)) = 3182
Count ((4, 24), (3, 12)) = 3108
Count ((4, 23), (3, 11)) = 3108
Count ((4, 22), (3, 11)) = 3256
Count ((4, 21), (3, 10)) = 3108
Count ((4, 20), (3, 10)) = 3182
Count ((4, 19), (3, 9)) = 3182
Count ((4, 18), (3, 9)) = 3108
Count ((4, 17), (3, 8)) = 3219
Count ((4, 16), (3, 8)) = 3108
Count ((4, 15), (3, 7)) = 3108
Count ((4, 14), (3, 7)) = 3256
Count ((4, 13), (3, 6)) = 3108
Count ((4, 12), (3, 6)) = 3145
Count ((4, 11), (3, 5)) = 3182
Count ((4, 10), (3, 5)) = 3108
Count ((4, 9), (3, 4)) = 3219
Count ((4, 8), (3, 4)) = 3108
Count ((4, 7), (3, 3)) = 3108
Count ((4, 6), (3, 3)) = 3182
Count ((4, 5), (3, 2)) = 3108
Count ((4, 4), (3, 2)) = 3182
Count ((4, 3), (3, 1)) = 3256
Count ((4, 2), (3, 1)) = 3108
Count ((4, 1), (3, 0)) = 3256
Count ((4, 0), (3, 0)) = 2511
Count ((3, 15), (2, 7)) = 5084
Count ((3, 14), (2, 7)) = 7052
Count ((3, 13), (2, 6)) = 7052
Count ((3, 12), (2, 6)) = 7095
Count ((3, 11), (2, 5)) = 7052
Count ((3, 10), (2, 5)) = 7052
Count ((3, 9), (2, 4)) = 7052
Count ((3, 8), (2, 4)) = 7052
Count ((3, 7), (2, 3)) = 7095
Count ((3, 6), (2, 3)) = 7052
Count ((3, 5), (2, 2)) = 7052
Count ((3, 4), (2, 2)) = 7052
Count ((3, 3), (2, 1)) = 7052
Count ((3, 2), (2, 1)) = 7052
Count ((3, 1), (2, 0)) = 7052
Count ((3, 0), (2, 0)) = 4991
Count ((2, 7), (1, 3)) = 10292
Count ((2, 6), (1, 3)) = 16268
Count ((2, 5), (1, 2)) = 16170
Count ((2, 4), (1, 2)) = 16121
Count ((2, 3), (1, 1)) = 16317
Count ((2, 2), (1, 1)) = 16268
Count ((2, 1), (1, 0)) = 16268
Count ((2, 0), (1, 0)) = 12210
Count ((1, 3), (0, 1)) = 24716
Count ((1, 2), (0, 1)) = 36740
Count ((1, 1), (0, 0)) = 37125
Count ((1, 0), (0, 0)) = 24827
Count ((0, 1), (0, 0)) = 99660
Count ((0, 0), (1, 0)) = 98087
Count ((1, 0), (2, 0)) = 75332
Count ((2, 0), (3, 0)) = 34441
Count ((3, 0), (4, 0)) = 18073
Count ((4, 0), (5, 0)) = 7275
Count ((5, 0), (6, 0)) = 3675
Count ((6, 0), (7, 0)) = 1311
Count (7, 0) = 6132
Count ((7, 0), (8, 0)) = 403
Count (8, 0) = 504
Count ((7, 0), (8, 1)) = 660
Count (8, 1) = 882
Count ((6, 0), (7, 1)) = 1998
Count ((7, 1), (8, 2)) = 468
Count (7, 1) = 8432
Count (8, 2) = 756
Count ((7, 1), (8, 3)) = 756
Count (8, 3) = 882
Count ((5, 0), (6, 1)) = 5784
Count ((6, 1), (7, 2)) = 1566
Count ((7, 2), (8, 4)) = 600
Count (7, 2) = 6942
Count (8, 4) = 1008
Count ((7, 2), (8, 5)) = 864
Count (8, 5) = 840
Count ((6, 1), (7, 3)) = 2322
Count ((7, 3), (8, 6)) = 504
Count (7, 3) = 9112
Count (8, 6) = 882
Count ((7, 3), (8, 7)) = 720
Count (8, 7) = 756
Count ((4, 0), (5, 1)) = 13350
Count ((5, 1), (6, 2)) = 3288
Count ((6, 2), (7, 4)) = 1224
Count ((7, 4), (8, 8)) = 432
Count (7, 4) = 5828
Count (8, 8) = 756
Count ((7, 4), (8, 9)) = 648
Count (8, 9) = 756
Count ((6, 2), (7, 5)) = 1872
Count ((7, 5), (8, 10)) = 432
Count (7, 5) = 6448
Count (8, 10) = 756
Count ((7, 5), (8, 11)) = 648
Count (8, 11) = 756
Count ((5, 1), (6, 3)) = 5256
Count ((6, 3), (7, 6)) = 1422
Count ((7, 6), (8, 12)) = 564
Count (7, 6) = 5106
Count (8, 12) = 966
Count ((7, 6), (8, 13)) = 804
Count (8, 13) = 798
Count ((6, 3), (7, 7)) = 2034
Count ((7, 7), (8, 14)) = 420
Count (7, 7) = 11940
Count (8, 14) = 756
Count ((7, 7), (8, 15)) = 612
Count (8, 15) = 714
Count ((3, 0), (4, 1)) = 31932
Count ((4, 1), (5, 2)) = 9420
Count ((5, 2), (6, 4)) = 3864
Count ((6, 4), (7, 8)) = 1530
Count ((7, 8), (8, 16)) = 576
Count (7, 8) = 8284
Count (8, 16) = 966
Count ((7, 8), (8, 17)) = 840
Count (8, 17) = 840
Count ((6, 4), (7, 9)) = 2286
Count ((7, 9), (8, 18)) = 480
Count (7, 9) = 8432
Count (8, 18) = 798
Count ((7, 9), (8, 19)) = 744
Count (8, 19) = 840
Count ((5, 2), (6, 5)) = 6024
Count ((6, 5), (7, 10)) = 1440
Count ((7, 10), (8, 20)) = 480
Count (7, 10) = 5372
Count (8, 20) = 798
Count ((7, 10), (8, 21)) = 744
Count (8, 21) = 840
Count ((6, 5), (7, 11)) = 2304
Count ((7, 11), (8, 22)) = 552
Count (7, 11) = 10656
Count (8, 22) = 924
Count ((7, 11), (8, 23)) = 816
Count (8, 23) = 840
Count ((4, 1), (5, 3)) = 14310
Count ((5, 3), (6, 6)) = 4080
Count ((6, 6), (7, 12)) = 1638
Count ((7, 12), (8, 24)) = 528
Count (7, 12) = 5328
Count (8, 24) = 882
Count ((7, 12), (8, 25)) = 792
Count (8, 25) = 840
Count ((6, 6), (7, 13)) = 2754
Count ((7, 13), (8, 26)) = 660
Count (7, 13) = 10472
Count (8, 26) = 1008
Count ((7, 13), (8, 27)) = 1044
Count (8, 27) = 1050
Count ((5, 3), (6, 7)) = 5880
Count ((6, 7), (7, 14)) = 1242
Count ((7, 14), (8, 28)) = 408
Count (7, 14) = 3540
Count (8, 28) = 714
Count ((7, 14), (8, 29)) = 624
Count (8, 29) = 756
Count ((6, 7), (7, 15)) = 1998
Count ((7, 15), (8, 30)) = 492
Count (7, 15) = 16252
Count (8, 30) = 840
Count ((7, 15), (8, 31)) = 732
Count (8, 31) = 798
Count ((2, 0), (3, 1)) = 68628
Count ((3, 1), (4, 2)) = 21096
Count ((4, 2), (5, 4)) = 9180
Count ((5, 4), (6, 8)) = 3648
Count ((6, 8), (7, 16)) = 1332
Count ((7, 16), (8, 32)) = 444
Count (7, 16) = 5214
Count (8, 32) = 714
Count ((7, 16), (8, 33)) = 732
Count (8, 33) = 882
Count ((6, 8), (7, 17)) = 2052
Count ((7, 17), (8, 34)) = 456
Count (7, 17) = 8184
Count (8, 34) = 756
Count ((7, 17), (8, 35)) = 720
Count (8, 35) = 840
Count ((5, 4), (6, 9)) = 5952
Count ((6, 9), (7, 18)) = 1548
Count ((7, 18), (8, 36)) = 528
Count (7, 18) = 7326
Count (8, 36) = 840
Count ((7, 18), (8, 37)) = 840
Count (8, 37) = 924
Count ((6, 9), (7, 19)) = 2412
Count ((7, 19), (8, 38)) = 528
Count (7, 19) = 12506
Count (8, 38) = 840
Count ((7, 19), (8, 39)) = 840
Count (8, 39) = 924
Count ((4, 2), (5, 5)) = 14310
Count ((5, 5), (6, 10)) = 3624
Count ((6, 10), (7, 20)) = 1422
Count ((7, 20), (8, 40)) = 576
Count (7, 20) = 7696
Count (8, 40) = 1008
Count ((7, 20), (8, 41)) = 792
Count (8, 41) = 756
Count ((6, 10), (7, 21)) = 2034
Count ((7, 21), (8, 42)) = 372
Count (7, 21) = 5640
Count (8, 42) = 588
Count ((7, 21), (8, 43)) = 660
Count (8, 43) = 882
Count ((5, 5), (6, 11)) = 5784
Count ((6, 11), (7, 22)) = 1440
Count ((7, 22), (8, 44)) = 516
Count (7, 22) = 4012
Count (8, 44) = 924
Count ((7, 22), (8, 45)) = 708
Count (8, 45) = 714
Count ((6, 11), (7, 23)) = 2304
Count ((7, 23), (8, 46)) = 552
Count (7, 23) = 12506
Count (8, 46) = 924
Count ((7, 23), (8, 47)) = 816
Count (8, 47) = 840
Count ((3, 1), (4, 3)) = 30744
Count ((4, 3), (5, 6)) = 8340
Count ((5, 6), (6, 12)) = 3264
Count ((6, 12), (7, 24)) = 1224
Count ((7, 24), (8, 48)) = 456
Count (7, 24) = 5208
Count (8, 48) = 840
Count ((7, 24), (8, 49)) = 624
Count (8, 49) = 672
Count ((6, 12), (7, 25)) = 1872
Count ((7, 25), (8, 50)) = 456
Count (7, 25) = 7068
Count (8, 50) = 840
Count ((7, 25), (8, 51)) = 624
Count (8, 51) = 672
Count ((5, 6), (6, 13)) = 5160
Count ((6, 13), (7, 26)) = 1350
Count ((7, 26), (8, 52)) = 492
Count (7, 26) = 6052
Count (8, 52) = 840
Count ((7, 26), (8, 53)) = 732
Count (8, 53) = 798
Count ((6, 13), (7, 27)) = 2034
Count ((7, 27), (8, 54)) = 456
Count (7, 27) = 6656
Count (8, 54) = 798
Count ((7, 27), (8, 55)) = 672
Count (8, 55) = 756
Count ((4, 3), (5, 7)) = 13080
Count ((5, 7), (6, 14)) = 3720
Count ((6, 14), (7, 28)) = 1440
Count ((7, 28), (8, 56)) = 516
Count (7, 28) = 6768
Count (8, 56) = 840
Count ((7, 28), (8, 57)) = 804
Count (8, 57) = 882
Count ((6, 14), (7, 29)) = 2160
Count ((7, 29), (8, 58)) = 468
Count (7, 29) = 4554
Count (8, 58) = 798
Count ((7, 29), (8, 59)) = 708
Count (8, 59) = 798
Count ((5, 7), (6, 15)) = 5856
Count ((6, 15), (7, 30)) = 1476
Count ((7, 30), (8, 60)) = 552
Count (7, 30) = 4968
Count (8, 60) = 966
Count ((7, 30), (8, 61)) = 768
Count (8, 61) = 756
Count ((6, 15), (7, 31)) = 2268
Count ((7, 31), (8, 62)) = 504
Count (7, 31) = 21280
Count (8, 62) = 840
Count ((7, 31), (8, 63)) = 768
Count (8, 63) = 840
Count ((1, 0), (2, 1)) = 127536
Count ((2, 1), (3, 2)) = 47208
Count ((3, 2), (4, 4)) = 20016
Count ((4, 4), (5, 8)) = 8550
Count ((5, 8), (6, 16)) = 3504
Count ((6, 16), (7, 32)) = 1242
Count ((7, 32), (8, 64)) = 384
Count (7, 32) = 4582
Count (8, 64) = 672
Count ((7, 32), (8, 65)) = 600
Count (8, 65) = 756
Count ((6, 16), (7, 33)) = 2070
Count ((7, 33), (8, 66)) = 492
Count (7, 33) = 9648
Count (8, 66) = 756
Count ((7, 33), (8, 67)) = 828
Count (8, 67) = 966
Count ((5, 8), (6, 17)) = 5568
Count ((6, 17), (7, 34)) = 1404
Count ((7, 34), (8, 68)) = 468
Count (7, 34) = 6204
Count (8, 68) = 798
Count ((7, 34), (8, 69)) = 708
Count (8, 69) = 798
Count ((6, 17), (7, 35)) = 2268
Count ((7, 35), (8, 70)) = 528
Count (7, 35) = 10656
Count (8, 70) = 840
Count ((7, 35), (8, 71)) = 840
Count (8, 71) = 924
Count ((4, 4), (5, 9)) = 13110
Count ((5, 9), (6, 18)) = 3408
Count ((6, 18), (7, 36)) = 1278
Count ((7, 36), (8, 72)) = 432
Count (7, 36) = 5874
Count (8, 72) = 672
Count ((7, 36), (8, 73)) = 744
Count (8, 73) = 924
Count ((6, 18), (7, 37)) = 1890
Count ((7, 37), (8, 74)) = 396
Count (7, 37) = 6540
Count (8, 74) = 672
Count ((7, 37), (8, 75)) = 636
Count (8, 75) = 798
Count ((5, 9), (6, 19)) = 5520
Count ((6, 19), (7, 38)) = 1368
Count ((7, 38), (8, 76)) = 408
Count (7, 38) = 4278
Count (8, 76) = 672
Count ((7, 38), (8, 77)) = 672
Count (8, 77) = 840
Count ((6, 19), (7, 39)) = 2304
Count ((7, 39), (8, 78)) = 576
Count (7, 39) = 13182
Count (8, 78) = 924
Count ((7, 39), (8, 79)) = 888
Count (8, 79) = 924
Count ((3, 2), (4, 5)) = 32076
Count ((4, 5), (5, 10)) = 9000
Count ((5, 10), (6, 20)) = 3744
Count ((6, 20), (7, 40)) = 1548
Count ((7, 40), (8, 80)) = 576
Count (7, 40) = 6552
Count (8, 80) = 924
Count ((7, 40), (8, 81)) = 888
Count (8, 81) = 924
Count ((6, 20), (7, 41)) = 2268
Count ((7, 41), (8, 82)) = 456
Count (7, 41) = 6864
Count (8, 82) = 756
Count ((7, 41), (8, 83)) = 720
Count (8, 83) = 840
Count ((5, 10), (6, 21)) = 5640
Count ((6, 21), (7, 42)) = 1260
Count ((7, 42), (8, 84)) = 432
Count (7, 42) = 4002
Count (8, 84) = 840
Count ((7, 42), (8, 85)) = 552
Count (8, 85) = 588
Count ((6, 21), (7, 43)) = 2124
Count ((7, 43), (8, 86)) = 540
Count (7, 43) = 10286
Count (8, 86) = 882
Count ((7, 43), (8, 87)) = 828
Count (8, 87) = 882
Count ((4, 5), (5, 11)) = 14190
Count ((5, 11), (6, 22)) = 3720
Count ((6, 22), (7, 44)) = 1494
Count ((7, 44), (8, 88)) = 540
Count (7, 44) = 6586
Count (8, 88) = 882
Count ((7, 44), (8, 89)) = 828
Count (8, 89) = 882
Count ((6, 22), (7, 45)) = 2250
Count ((7, 45), (8, 90)) = 468
Count (7, 45) = 6732
Count (8, 90) = 756
Count ((7, 45), (8, 91)) = 756
Count (8, 91) = 882
Count ((5, 11), (6, 23)) = 5688
Count ((6, 23), (7, 46)) = 1350
Count ((7, 46), (8, 92)) = 480
Count (7, 46) = 5214
Count (8, 92) = 840
Count ((7, 46), (8, 93)) = 696
Count (8, 93) = 756
Count ((6, 23), (7, 47)) = 2106
Count ((7, 47), (8, 94)) = 492
Count (7, 47) = 12852
Count (8, 94) = 840
Count ((7, 47), (8, 95)) = 732
Count (8, 95) = 798
Count ((2, 1), (3, 3)) = 71106
Count ((3, 3), (4, 6)) = 21384
Count ((4, 6), (5, 12)) = 9180
Count ((5, 12), (6, 24)) = 3960
Count ((6, 24), (7, 48)) = 1476
Count ((7, 48), (8, 96)) = 456
Count (7, 48) = 5696
Count (8, 96) = 798
Count ((7, 48), (8, 97)) = 672
Count (8, 97) = 756
Count ((6, 24), (7, 49)) = 2556
Count ((7, 49), (8, 98)) = 660
Count (7, 49) = 9804
Count (8, 98) = 1050
Count ((7, 49), (8, 99)) = 996
Count (8, 99) = 966
Count ((5, 12), (6, 25)) = 5952
Count ((6, 25), (7, 50)) = 1494
Count ((7, 50), (8, 100)) = 552
Count (7, 50) = 6942
Count (8, 100) = 840
Count ((7, 50), (8, 101)) = 912
Count (8, 101) = 1008
Count ((6, 25), (7, 51)) = 2106
Count ((7, 51), (8, 102)) = 396
Count (7, 51) = 10140
Count (8, 102) = 672
Count ((7, 51), (8, 103)) = 636
Count (8, 103) = 798
Count ((4, 6), (5, 13)) = 14070
Count ((5, 13), (6, 26)) = 3600
Count ((6, 26), (7, 52)) = 1350
Count ((7, 52), (8, 104)) = 492
Count (7, 52) = 6392
Count (8, 104) = 840
Count ((7, 52), (8, 105)) = 732
Count (8, 105) = 798
Count ((6, 26), (7, 53)) = 2034
Count ((7, 53), (8, 106)) = 432
Count (7, 53) = 5696
Count (8, 106) = 714
Count ((7, 53), (8, 107)) = 696
Count (8, 107) = 840
Count ((5, 13), (6, 27)) = 5808
Count ((6, 27), (7, 54)) = 1602
Count ((7, 54), (8, 108)) = 600
Count (7, 54) = 6636
Count (8, 108) = 882
Count ((7, 54), (8, 109)) = 1008
Count (8, 109) = 1092
Count ((6, 27), (7, 55)) = 2214
Count ((7, 55), (8, 110)) = 396
Count (7, 55) = 9540
Count (8, 110) = 672
Count ((7, 55), (8, 111)) = 636
Count (8, 111) = 798
Count ((3, 3), (4, 7)) = 34164
Count ((4, 7), (5, 14)) = 9360
Count ((5, 14), (6, 28)) = 3672
Count ((6, 28), (7, 56)) = 1422
Count ((7, 56), (8, 112)) = 456
Count (7, 56) = 5214
Count (8, 112) = 756
Count ((7, 56), (8, 113)) = 720
Count (8, 113) = 840
Count ((6, 28), (7, 57)) = 2322
Count ((7, 57), (8, 114)) = 552
Count (7, 57) = 10184
Count (8, 114) = 882
Count ((7, 57), (8, 115)) = 864
Count (8, 115) = 924
Count ((5, 14), (6, 29)) = 5544
Count ((6, 29), (7, 58)) = 1332
Count ((7, 58), (8, 116)) = 492
Count (7, 58) = 5032
Count (8, 116) = 840
Count ((7, 58), (8, 117)) = 732
Count (8, 117) = 798
Count ((6, 29), (7, 59)) = 1980
Count ((7, 59), (8, 118)) = 444
Count (7, 59) = 5828
Count (8, 118) = 798
Count ((7, 59), (8, 119)) = 636
Count (8, 119) = 714
Count ((4, 7), (5, 15)) = 15180
Count ((5, 15), (6, 30)) = 4296
Count ((6, 30), (7, 60)) = 1782
Count ((7, 60), (8, 120)) = 672
Count (7, 60) = 5074
Count (8, 120) = 1092
Count ((7, 60), (8, 121)) = 984
Count (8, 121) = 924
Count ((6, 30), (7, 61)) = 2682
Count ((7, 61), (8, 122)) = 528
Count (7, 61) = 6004
Count (8, 122) = 798
Count ((7, 61), (8, 123)) = 888
Count (8, 123) = 1008
Count ((5, 15), (6, 31)) = 6408
Count ((6, 31), (7, 62)) = 1566
Count ((7, 62), (8, 124)) = 648
Count (7, 62) = 4838
Count (8, 124) = 1092
Count ((7, 62), (8, 125)) = 912
Count (8, 125) = 840
Count ((6, 31), (7, 63)) = 2178
Count ((7, 63), (8, 126)) = 456
Count (7, 63) = 16740
Count (8, 126) = 882
Count ((7, 63), (8, 127)) = 576
Count (8, 127) = 588
Count ((0, 0), (1, 1)) = 155412
Count ((1, 1), (2, 2)) = 100080
Count ((2, 2), (3, 4)) = 47502
Count ((3, 4), (4, 8)) = 22572
Count ((4, 8), (5, 16)) = 9750
Count ((5, 16), (6, 32)) = 3888
Count ((6, 32), (7, 64)) = 1404
Count ((7, 64), (8, 128)) = 420
Count (7, 64) = 9856
Count (8, 128) = 672
Count ((7, 64), (8, 129)) = 708
Count (8, 129) = 882
Count ((6, 32), (7, 65)) = 2340
Count ((7, 65), (8, 130)) = 576
Count (7, 65) = 7332
Count (8, 130) = 924
Count ((7, 65), (8, 131)) = 888
Count (8, 131) = 924
Count ((5, 16), (6, 33)) = 6192
Count ((6, 33), (7, 66)) = 1548
Count ((7, 66), (8, 132)) = 540
Count (7, 66) = 6216
Count (8, 132) = 882
Count ((7, 66), (8, 133)) = 828
Count (8, 133) = 882
Count ((6, 33), (7, 67)) = 2412
Count ((7, 67), (8, 134)) = 516
Count (7, 67) = 9916
Count (8, 134) = 798
Count ((7, 67), (8, 135)) = 852
Count (8, 135) = 966
Count ((4, 8), (5, 17)) = 15360
Count ((5, 17), (6, 34)) = 4176
Count ((6, 34), (7, 68)) = 1746
Count ((7, 68), (8, 136)) = 612
Count (7, 68) = 6478
Count (8, 136) = 966
Count ((7, 68), (8, 137)) = 948
Count (8, 137) = 966
Count ((6, 34), (7, 69)) = 2718
Count ((7, 69), (8, 138)) = 576
Count (7, 69) = 8320
Count (8, 138) = 882
Count ((7, 69), (8, 139)) = 936
Count (8, 139) = 1008
Count ((5, 17), (6, 35)) = 6072
Count ((6, 35), (7, 70)) = 1332
Count ((7, 70), (8, 140)) = 480
Count (7, 70) = 4884
Count (8, 140) = 840
Count ((7, 70), (8, 141)) = 696
Count (8, 141) = 756
Count ((6, 35), (7, 71)) = 2052
Count ((7, 71), (8, 142)) = 468
Count (7, 71) = 16764
Count (8, 142) = 798
Count ((7, 71), (8, 143)) = 708
Count (8, 143) = 798
Count ((3, 4), (4, 9)) = 32904
Count ((4, 9), (5, 18)) = 9060
Count ((5, 18), (6, 36)) = 3648
Count ((6, 36), (7, 72)) = 1332
Count ((7, 72), (8, 144)) = 468
Count (7, 72) = 4278
Count (8, 144) = 882
Count ((7, 72), (8, 145)) = 612
Count (8, 145) = 630
Count ((6, 36), (7, 73)) = 2196
Count ((7, 73), (8, 146)) = 564
Count (7, 73) = 8066
Count (8, 146) = 966
Count ((7, 73), (8, 147)) = 804
Count (8, 147) = 798
Count ((5, 18), (6, 37)) = 5760
Count ((6, 37), (7, 74)) = 1440
Count ((7, 74), (8, 148)) = 516
Count (7, 74) = 7280
Count (8, 148) = 882
Count ((7, 74), (8, 149)) = 756
Count (8, 149) = 798
Count ((6, 37), (7, 75)) = 2232
Count ((7, 75), (8, 150)) = 492
Count (7, 75) = 9730
Count (8, 150) = 798
Count ((7, 75), (8, 151)) = 780
Count (8, 151) = 882
Count ((4, 9), (5, 19)) = 13980
Count ((5, 19), (6, 38)) = 3816
Count ((6, 38), (7, 76)) = 1476
Count ((7, 76), (8, 152)) = 552
Count (7, 76) = 5530
Count (8, 152) = 1008
Count ((7, 76), (8, 153)) = 720
Count (8, 153) = 672
Count ((6, 38), (7, 77)) = 2340
Count ((7, 77), (8, 154)) = 552
Count (7, 77) = 7326
Count (8, 154) = 924
Count ((7, 77), (8, 155)) = 816
Count (8, 155) = 840
Count ((5, 19), (6, 39)) = 5880
Count ((6, 39), (7, 78)) = 1476
Count ((7, 78), (8, 156)) = 552
Count (7, 78) = 6004
Count (8, 156) = 882
Count ((7, 78), (8, 157)) = 864
Count (8, 157) = 924
Count ((6, 39), (7, 79)) = 2124
Count ((7, 79), (8, 158)) = 432
Count (7, 79) = 19778
Count (8, 158) = 756
Count ((7, 79), (8, 159)) = 648
Count (8, 159) = 756
Count ((2, 2), (3, 5)) = 69972
Count ((3, 5), (4, 10)) = 21168
Count ((4, 10), (5, 20)) = 9030
Count ((5, 20), (6, 40)) = 3936
Count ((6, 40), (7, 80)) = 1638
Count ((7, 80), (8, 160)) = 576
Count (7, 80) = 4864
Count (8, 160) = 966
Count ((7, 80), (8, 161)) = 840
Count (8, 161) = 840
Count ((6, 40), (7, 81)) = 2610
Count ((7, 81), (8, 162)) = 576
Count (7, 81) = 10320
Count (8, 162) = 882
Count ((7, 81), (8, 163)) = 936
Count (8, 163) = 1008
Count ((5, 20), (6, 41)) = 5616
Count ((6, 41), (7, 82)) = 1260
Count ((7, 82), (8, 164)) = 468
Count (7, 82) = 6204
Count (8, 164) = 798
Count ((7, 82), (8, 165)) = 708
Count (8, 165) = 798
Count ((6, 41), (7, 83)) = 1836
Count ((7, 83), (8, 166)) = 408
Count (7, 83) = 8062
Count (8, 166) = 756
Count ((7, 83), (8, 167)) = 576
Count (8, 167) = 672
Count ((4, 10), (5, 21)) = 14190
Count ((5, 21), (6, 42)) = 3576
Count ((6, 42), (7, 84)) = 1386
Count ((7, 84), (8, 168)) = 576
Count (7, 84) = 4968
Count (8, 168) = 1050
Count ((7, 84), (8, 169)) = 744
Count (8, 169) = 672
Count ((6, 42), (7, 85)) = 1998
Count ((7, 85), (8, 170)) = 384
Count (7, 85) = 7740
Count (8, 170) = 630
Count ((7, 85), (8, 171)) = 648
Count (8, 171) = 840
Count ((5, 21), (6, 43)) = 5736
Count ((6, 43), (7, 86)) = 1440
Count ((7, 86), (8, 172)) = 492
Count (7, 86) = 3672
Count (8, 172) = 840
Count ((7, 86), (8, 173)) = 732
Count (8, 173) = 798
Count ((6, 43), (7, 87)) = 2304
Count ((7, 87), (8, 174)) = 528
Count (7, 87) = 12136
Count (8, 174) = 840
Count ((7, 87), (8, 175)) = 840
Count (8, 175) = 924
Count ((3, 5), (4, 11)) = 31248
Count ((4, 11), (5, 22)) = 9000
Count ((5, 22), (6, 44)) = 3864
Count ((6, 44), (7, 88)) = 1422
Count ((7, 88), (8, 176)) = 468
Count (7, 88) = 6204
Count (8, 176) = 798
Count ((7, 88), (8, 177)) = 708
Count (8, 177) = 798
Count ((6, 44), (7, 89)) = 2322
Count ((7, 89), (8, 178)) = 564
Count (7, 89) = 9804
Count (8, 178) = 924
Count ((7, 89), (8, 179)) = 852
Count (8, 179) = 882
Count ((5, 22), (6, 45)) = 6120
Count ((6, 45), (7, 90)) = 1440
Count ((7, 90), (8, 180)) = 456
Count (7, 90) = 5056
Count (8, 180) = 798
Count ((7, 90), (8, 181)) = 672
Count (8, 181) = 756
Count ((6, 45), (7, 91)) = 2448
Count ((7, 91), (8, 182)) = 588
Count (7, 91) = 9758
Count (8, 182) = 882
Count ((7, 91), (8, 183)) = 972
Count (8, 183) = 1050
Count ((4, 11), (5, 23)) = 13080
Count ((5, 23), (6, 46)) = 3048
Count ((6, 46), (7, 92)) = 1026
Count ((7, 92), (8, 184)) = 396
Count (7, 92) = 4806
Count (8, 184) = 798
Count ((7, 92), (8, 185)) = 492
Count (8, 185) = 546
Count ((6, 46), (7, 93)) = 1566
Count ((7, 93), (8, 186)) = 420
Count (7, 93) = 4424
Count (8, 186) = 840
Count ((7, 93), (8, 187)) = 516
Count (8, 187) = 546
Count ((5, 23), (6, 47)) = 5208
Count ((6, 47), (7, 94)) = 1458
Count ((7, 94), (8, 188)) = 492
Count (7, 94) = 4830
Count (8, 188) = 798
Count ((7, 94), (8, 189)) = 780
Count (8, 189) = 882
Count ((6, 47), (7, 95)) = 2286
Count ((7, 95), (8, 190)) = 540
Count (7, 95) = 17208
Count (8, 190) = 924
Count ((7, 95), (8, 191)) = 780
Count (8, 191) = 798
Count ((1, 1), (2, 3)) = 130032
Count ((2, 3), (3, 6)) = 48930
Count ((3, 6), (4, 12)) = 21600
Count ((4, 12), (5, 24)) = 9300
Count ((5, 24), (6, 48)) = 3912
Count ((6, 48), (7, 96)) = 1494
Count ((7, 96), (8, 192)) = 504
Count (7, 96) = 6732
Count (8, 192) = 882
Count ((7, 96), (8, 193)) = 720
Count (8, 193) = 756
Count ((6, 48), (7, 97)) = 2466
Count ((7, 97), (8, 194)) = 612
Count (7, 97) = 7920
Count (8, 194) = 1008
Count ((7, 97), (8, 195)) = 900
Count (8, 195) = 882
Count ((5, 24), (6, 49)) = 5952
Count ((6, 49), (7, 98)) = 1404
Count ((7, 98), (8, 196)) = 480
Count (7, 98) = 4692
Count (8, 196) = 798
Count ((7, 98), (8, 197)) = 744
Count (8, 197) = 840
Count ((6, 49), (7, 99)) = 2196
Count ((7, 99), (8, 198)) = 504
Count (7, 99) = 10430
Count (8, 198) = 840
Count ((7, 99), (8, 199)) = 768
Count (8, 199) = 840
Count ((4, 12), (5, 25)) = 14250
Count ((5, 25), (6, 50)) = 3624
Count ((6, 50), (7, 100)) = 1368
Count ((7, 100), (8, 200)) = 504
Count (7, 100) = 7980
Count (8, 200) = 840
Count ((7, 100), (8, 201)) = 768
Count (8, 201) = 840
Count ((6, 50), (7, 101)) = 2016
Count ((7, 101), (8, 202)) = 444
Count (7, 101) = 6448
Count (8, 202) = 798
Count ((7, 101), (8, 203)) = 636
Count (8, 203) = 714
Count ((5, 25), (6, 51)) = 5880
Count ((6, 51), (7, 102)) = 1476
Count ((7, 102), (8, 204)) = 468
Count (7, 102) = 6052
Count (8, 204) = 756
Count ((7, 102), (8, 205)) = 756
Count (8, 205) = 882
Count ((6, 51), (7, 103)) = 2412
Count ((7, 103), (8, 206)) = 588
Count (7, 103) = 10062
Count (8, 206) = 966
Count ((7, 103), (8, 207)) = 876
Count (8, 207) = 882
Count ((3, 6), (4, 13)) = 33984
Count ((4, 13), (5, 26)) = 9330
Count ((5, 26), (6, 52)) = 3768
Count ((6, 52), (7, 104)) = 1494
Count ((7, 104), (8, 208)) = 504
Count (7, 104) = 8208
Count (8, 208) = 798
Count ((7, 104), (8, 209)) = 816
Count (8, 209) = 924
Count ((6, 52), (7, 105)) = 2322
Count ((7, 105), (8, 210)) = 540
Count (7, 105) = 5688
Count (8, 210) = 924
Count ((7, 105), (8, 211)) = 780
Count (8, 211) = 798
Count ((5, 26), (6, 53)) = 5712
Count ((6, 53), (7, 106)) = 1332
Count ((7, 106), (8, 212)) = 468
Count (7, 106) = 4416
Count (8, 212) = 840
Count ((7, 106), (8, 213)) = 660
Count (8, 213) = 714
Count ((6, 53), (7, 107)) = 2124
Count ((7, 107), (8, 214)) = 492
Count (7, 107) = 12880
Count (8, 214) = 798
Count ((7, 107), (8, 215)) = 780
Count (8, 215) = 882
Count ((4, 13), (5, 27)) = 14940
Count ((5, 27), (6, 54)) = 3912
Count ((6, 54), (7, 108)) = 1440
Count ((7, 108), (8, 216)) = 504
Count (7, 108) = 5880
Count (8, 216) = 840
Count ((7, 108), (8, 217)) = 768
Count (8, 217) = 840
Count ((6, 54), (7, 109)) = 2232
Count ((7, 109), (8, 218)) = 492
Count (7, 109) = 6580
Count (8, 218) = 798
Count ((7, 109), (8, 219)) = 780
Count (8, 219) = 882
Count ((5, 27), (6, 55)) = 6336
Count ((6, 55), (7, 110)) = 1548
Count ((7, 110), (8, 220)) = 516
Count (7, 110) = 4692
Count (8, 220) = 924
Count ((7, 110), (8, 221)) = 708
Count (8, 221) = 714
Count ((6, 55), (7, 111)) = 2628
Count ((7, 111), (8, 222)) = 648
Count (7, 111) = 13674
Count (8, 222) = 1008
Count ((7, 111), (8, 223)) = 1008
Count (8, 223) = 1008
Count ((2, 3), (3, 7)) = 71190
Count ((3, 7), (4, 14)) = 21348
Count ((4, 14), (5, 28)) = 9450
Count ((5, 28), (6, 56)) = 3792
Count ((6, 56), (7, 112)) = 1440
Count ((7, 112), (8, 224)) = 468
Count (7, 112) = 9112
Count (8, 224) = 756
Count ((7, 112), (8, 225)) = 756
Count (8, 225) = 882
Count ((6, 56), (7, 113)) = 2304
Count ((7, 113), (8, 226)) = 540
Count (7, 113) = 6956
Count (8, 226) = 882
Count ((7, 113), (8, 227)) = 828
Count (8, 227) = 882
Count ((5, 28), (6, 57)) = 5904
Count ((6, 57), (7, 114)) = 1422
Count ((7, 114), (8, 228)) = 480
Count (7, 114) = 6392
Count (8, 228) = 798
Count ((7, 114), (8, 229)) = 744
Count (8, 229) = 840
Count ((6, 57), (7, 115)) = 2250
Count ((7, 115), (8, 230)) = 504
Count (7, 115) = 11808
Count (8, 230) = 798
Count ((7, 115), (8, 231)) = 816
Count (8, 231) = 924
Count ((4, 14), (5, 29)) = 14550
Count ((5, 29), (6, 58)) = 4104
Count ((6, 58), (7, 116)) = 1638
Count ((7, 116), (8, 232)) = 588
Count (7, 116) = 7920
Count (8, 232) = 924
Count ((7, 116), (8, 233)) = 924
Count (8, 233) = 966
Count ((6, 58), (7, 117)) = 2466
Count ((7, 117), (8, 234)) = 504
Count (7, 117) = 6048
Count (8, 234) = 798
Count ((7, 117), (8, 235)) = 816
Count (8, 235) = 924
Count ((5, 29), (6, 59)) = 6336
Count ((6, 59), (7, 118)) = 1530
Count ((7, 118), (8, 236)) = 540
Count (7, 118) = 5476
Count (8, 236) = 882
Count ((7, 118), (8, 237)) = 828
Count (8, 237) = 882
Count ((6, 59), (7, 119)) = 2358
Count ((7, 119), (8, 238)) = 492
Count (7, 119) = 9648
Count (8, 238) = 756
Count ((7, 119), (8, 239)) = 828
Count (8, 239) = 966
Count ((3, 7), (4, 15)) = 33588
Count ((4, 15), (5, 30)) = 9330
Count ((5, 30), (6, 60)) = 3504
Count ((6, 60), (7, 120)) = 1296
Count ((7, 120), (8, 240)) = 456
Count (7, 120) = 7072
Count (8, 240) = 714
Count ((7, 120), (8, 241)) = 768
Count (8, 241) = 924
Count ((6, 60), (7, 121)) = 1872
Count ((7, 121), (8, 242)) = 420
Count (7, 121) = 6032
Count (8, 242) = 798
Count ((7, 121), (8, 243)) = 564
Count (8, 243) = 630
Count ((5, 30), (6, 61)) = 5808
Count ((6, 61), (7, 122)) = 1584
Count ((7, 122), (8, 244)) = 588
Count (7, 122) = 6942
Count (8, 244) = 966
Count ((7, 122), (8, 245)) = 876
Count (8, 245) = 882
Count ((6, 61), (7, 123)) = 2376
Count ((7, 123), (8, 246)) = 504
Count (7, 123) = 7980
Count (8, 246) = 840
Count ((7, 123), (8, 247)) = 768
Count (8, 247) = 840
Count ((4, 15), (5, 31)) = 15030
Count ((5, 31), (6, 62)) = 4104
Count ((6, 62), (7, 124)) = 1620
Count ((7, 124), (8, 248)) = 564
Count (7, 124) = 8112
Count (8, 248) = 882
Count ((7, 124), (8, 249)) = 900
Count (8, 249) = 966
Count ((6, 62), (7, 125)) = 2484
Count ((7, 125), (8, 250)) = 540
Count (7, 125) = 5476
Count (8, 250) = 882
Count ((7, 125), (8, 251)) = 828
Count (8, 251) = 882
Count ((5, 31), (6, 63)) = 6336
Count ((6, 63), (7, 126)) = 1566
Count ((7, 126), (8, 252)) = 540
Count (7, 126) = 4992
Count (8, 252) = 798
Count ((7, 126), (8, 253)) = 924
Count (8, 253) = 1050
Count ((6, 63), (7, 127)) = 2322
Count ((7, 127), (8, 254)) = 516
Count (7, 127) = 23392
Count (8, 254) = 924
Count ((7, 127), (8, 255)) = 708
Count (8, 255) = 714
Count ((0, 0), (0, 1)) = 97308
Count ((0, 1), (1, 2)) = 143046
Count ((1, 2), (2, 4)) = 99840
Count ((2, 4), (3, 8)) = 46452
Count ((3, 8), (4, 16)) = 21816
Count ((4, 16), (5, 32)) = 9120
Count ((5, 32), (6, 64)) = 3504
Count ((6, 64), (7, 128)) = 1188
Count ((7, 128), (8, 256)) = 420
Count (7, 128) = 3304
Count (8, 256) = 840
Count ((7, 128), (8, 257)) = 516
Count (8, 257) = 546
Count ((6, 64), (7, 129)) = 1980
Count ((7, 129), (8, 258)) = 504
Count (7, 129) = 8330
Count (8, 258) = 840
Count ((7, 129), (8, 259)) = 768
Count (8, 259) = 840
Count ((5, 32), (6, 65)) = 5784
Count ((6, 65), (7, 130)) = 1566
Count ((7, 130), (8, 260)) = 540
Count (7, 130) = 5244
Count (8, 260) = 840
Count ((7, 130), (8, 261)) = 876
Count (8, 261) = 966
Count ((6, 65), (7, 131)) = 2394
Count ((7, 131), (8, 262)) = 540
Count (7, 131) = 10008
Count (8, 262) = 924
Count ((7, 131), (8, 263)) = 780
Count (8, 263) = 798
Count ((4, 16), (5, 33)) = 14640
Count ((5, 33), (6, 66)) = 4008
Count ((6, 66), (7, 132)) = 1620
Count ((7, 132), (8, 264)) = 576
Count (7, 132) = 7144
Count (8, 264) = 966
Count ((7, 132), (8, 265)) = 840
Count (8, 265) = 840
Count ((6, 66), (7, 133)) = 2556
Count ((7, 133), (8, 266)) = 552
Count (7, 133) = 8892
Count (8, 266) = 840
Count ((7, 133), (8, 267)) = 912
Count (8, 267) = 1008
Count ((5, 33), (6, 67)) = 5976
Count ((6, 67), (7, 134)) = 1368
Count ((7, 134), (8, 268)) = 504
Count (7, 134) = 4352
Count (8, 268) = 882
Count ((7, 134), (8, 269)) = 720
Count (8, 269) = 756
Count ((6, 67), (7, 135)) = 2088
Count ((7, 135), (8, 270)) = 480
Count (7, 135) = 10824
Count (8, 270) = 840
Count ((7, 135), (8, 271)) = 696
Count (8, 271) = 756
Count ((3, 8), (4, 17)) = 32364
Count ((4, 17), (5, 34)) = 9030
Count ((5, 34), (6, 68)) = 3576
Count ((6, 68), (7, 136)) = 1368
Count ((7, 136), (8, 272)) = 444
Count (7, 136) = 5696
Count (8, 272) = 756
Count ((7, 136), (8, 273)) = 684
Count (8, 273) = 798
Count ((6, 68), (7, 137)) = 2232
Count ((7, 137), (8, 274)) = 528
Count (7, 137) = 8806
Count (8, 274) = 840
Count ((7, 137), (8, 275)) = 840
Count (8, 275) = 924
Count ((5, 34), (6, 69)) = 5448
Count ((6, 69), (7, 138)) = 1296
Count ((7, 138), (8, 276)) = 444
Count (7, 138) = 4416
Count (8, 276) = 756
Count ((7, 138), (8, 277)) = 684
Count (8, 277) = 798
Count ((6, 69), (7, 139)) = 2016
Count ((7, 139), (8, 278)) = 444
Count (7, 139) = 9834
Count (8, 278) = 714
Count ((7, 139), (8, 279)) = 732
Count (8, 279) = 882
Count ((4, 17), (5, 35)) = 14190
Count ((5, 35), (6, 70)) = 3960
Count ((6, 70), (7, 140)) = 1440
Count ((7, 140), (8, 280)) = 468
Count (7, 140) = 5032
Count (8, 280) = 756
Count ((7, 140), (8, 281)) = 756
Count (8, 281) = 882
Count ((6, 70), (7, 141)) = 2304
Count ((7, 141), (8, 282)) = 552
Count (7, 141) = 8066
Count (8, 282) = 924
Count ((7, 141), (8, 283)) = 816
Count (8, 283) = 840
Count ((5, 35), (6, 71)) = 6360
Count ((6, 71), (7, 142)) = 1638
Count ((7, 142), (8, 284)) = 576
Count (7, 142) = 6552
Count (8, 284) = 924
Count ((7, 142), (8, 285)) = 888
Count (8, 285) = 924
Count ((6, 71), (7, 143)) = 2538
Count ((7, 143), (8, 286)) = 564
Count (7, 143) = 15124
Count (8, 286) = 924
Count ((7, 143), (8, 287)) = 852
Count (8, 287) = 882
Count ((2, 4), (3, 9)) = 68964
Count ((3, 9), (4, 18)) = 19872
Count ((4, 18), (5, 36)) = 8130
Count ((5, 36), (6, 72)) = 3360
Count ((6, 72), (7, 144)) = 1350
Count ((7, 144), (8, 288)) = 492
Count (7, 144) = 9452
Count (8, 288) = 840
Count ((7, 144), (8, 289)) = 732
Count (8, 289) = 798
Count ((6, 72), (7, 145)) = 2034
Count ((7, 145), (8, 290)) = 480
Count (7, 145) = 7296
Count (8, 290) = 882
Count ((7, 145), (8, 291)) = 648
Count (8, 291) = 672
Count ((5, 36), (6, 73)) = 5088
Count ((6, 73), (7, 146)) = 1224
Count ((7, 146), (8, 292)) = 444
Count (7, 146) = 4278
Count (8, 292) = 798
Count ((7, 146), (8, 293)) = 636
Count (8, 293) = 714
Count ((6, 73), (7, 147)) = 1872
Count ((7, 147), (8, 294)) = 420
Count (7, 147) = 10478
Count (8, 294) = 714
Count ((7, 147), (8, 295)) = 660
Count (8, 295) = 798
Count ((4, 18), (5, 37)) = 12540
Count ((5, 37), (6, 74)) = 3288
Count ((6, 74), (7, 148)) = 1350
Count ((7, 148), (8, 296)) = 516
Count (7, 148) = 6768
Count (8, 296) = 840
Count ((7, 148), (8, 297)) = 804
Count (8, 297) = 882
Count ((6, 74), (7, 149)) = 1890
Count ((7, 149), (8, 298)) = 396
Count (7, 149) = 4424
Count (8, 298) = 756
Count ((7, 149), (8, 299)) = 540
Count (8, 299) = 630
Count ((5, 37), (6, 75)) = 5040
Count ((6, 75), (7, 150)) = 1278
Count ((7, 150), (8, 300)) = 480
Count (7, 150) = 3894
Count (8, 300) = 840
Count ((7, 150), (8, 301)) = 696
Count (8, 301) = 756
Count ((6, 75), (7, 151)) = 1890
Count ((7, 151), (8, 302)) = 432
Count (7, 151) = 13740
Count (8, 302) = 798
Count ((7, 151), (8, 303)) = 600
Count (8, 303) = 672
Count ((3, 9), (4, 19)) = 30420
Count ((4, 19), (5, 38)) = 8880
Count ((5, 38), (6, 76)) = 3720
Count ((6, 76), (7, 152)) = 1530
Count ((7, 152), (8, 304)) = 564
Count (7, 152) = 5476
Count (8, 304) = 966
Count ((7, 152), (8, 305)) = 804
Count (8, 305) = 798
Count ((6, 76), (7, 153)) = 2358
Count ((7, 153), (8, 306)) = 468
Count (7, 153) = 9648
Count (8, 306) = 672
Count ((7, 153), (8, 307)) = 852
Count (8, 307) = 1050
Count ((5, 38), (6, 77)) = 5472
Count ((6, 77), (7, 154)) = 1260
Count ((7, 154), (8, 308)) = 444
Count (7, 154) = 5696
Count (8, 308) = 756
Count ((7, 154), (8, 309)) = 684
Count (8, 309) = 798
Count ((6, 77), (7, 155)) = 1908
Count ((7, 155), (8, 310)) = 432
Count (7, 155) = 7998
Count (8, 310) = 756
Count ((7, 155), (8, 311)) = 648
Count (8, 311) = 756
Count ((4, 19), (5, 39)) = 13800
Count ((5, 39), (6, 78)) = 3768
Count ((6, 78), (7, 156)) = 1476
Count ((7, 156), (8, 312)) = 528
Count (7, 156) = 8208
Count (8, 312) = 882
Count ((7, 156), (8, 313)) = 792
Count (8, 313) = 840
Count ((6, 78), (7, 157)) = 2268
Count ((7, 157), (8, 314)) = 444
Count (7, 157) = 7980
Count (8, 314) = 630
Count ((7, 157), (8, 315)) = 828
Count (8, 315) = 1050
Count ((5, 39), (6, 79)) = 5832
Count ((6, 79), (7, 158)) = 1440
Count ((7, 158), (8, 316)) = 540
Count (7, 158) = 7128
Count (8, 316) = 924
Count ((7, 158), (8, 317)) = 780
Count (8, 317) = 798
Count ((6, 79), (7, 159)) = 2160
Count ((7, 159), (8, 318)) = 468
Count (7, 159) = 19734
Count (8, 318) = 798
Count ((7, 159), (8, 319)) = 708
Count (8, 319) = 798
Count ((1, 2), (2, 5)) = 130992
Count ((2, 5), (3, 10)) = 47502
Count ((3, 10), (4, 20)) = 19980
Count ((4, 20), (5, 40)) = 8550
Count ((5, 40), (6, 80)) = 3432
Count ((6, 80), (7, 160)) = 1224
Count ((7, 160), (8, 320)) = 384
Count (7, 160) = 4292
Count (8, 320) = 672
Count ((7, 160), (8, 321)) = 600
Count (8, 321) = 756
Count ((6, 80), (7, 161)) = 2016
Count ((7, 161), (8, 322)) = 492
Count (7, 161) = 8680
Count (8, 322) = 798
Count ((7, 161), (8, 323)) = 780
Count (8, 323) = 882
Count ((5, 40), (6, 81)) = 5496
Count ((6, 81), (7, 162)) = 1368
Count ((7, 162), (8, 324)) = 492
Count (7, 162) = 5376
Count (8, 324) = 924
Count ((7, 162), (8, 325)) = 636
Count (8, 325) = 630
Count ((6, 81), (7, 163)) = 2232
Count ((7, 163), (8, 326)) = 552
Count (7, 163) = 10286
Count (8, 326) = 924
Count ((7, 163), (8, 327)) = 816
Count (8, 327) = 840
Count ((4, 20), (5, 41)) = 13050
Count ((5, 41), (6, 82)) = 3480
Count ((6, 82), (7, 164)) = 1350
Count ((7, 164), (8, 328)) = 468
Count (7, 164) = 6052
Count (8, 328) = 756
Count ((7, 164), (8, 329)) = 756
Count (8, 329) = 882
Count ((6, 82), (7, 165)) = 2034
Count ((7, 165), (8, 330)) = 456
Count (7, 165) = 6336
Count (8, 330) = 798
Count ((7, 165), (8, 331)) = 672
Count (8, 331) = 756
Count ((5, 41), (6, 83)) = 5448
Count ((6, 83), (7, 166)) = 1314
Count ((7, 166), (8, 332)) = 444
Count (7, 166) = 3658
Count (8, 332) = 798
Count ((7, 166), (8, 333)) = 636
Count (8, 333) = 714
Count ((6, 83), (7, 167)) = 2142
Count ((7, 167), (8, 334)) = 504
Count (7, 167) = 13248
Count (8, 334) = 798
Count ((7, 167), (8, 335)) = 816
Count (8, 335) = 924
Count ((3, 10), (4, 21)) = 31788
Count ((4, 21), (5, 42)) = 9120
Count ((5, 42), (6, 84)) = 3984
Count ((6, 84), (7, 168)) = 1620
Count ((7, 168), (8, 336)) = 540
Count (7, 168) = 6764
Count (8, 336) = 840
Count ((7, 168), (8, 337)) = 876
Count (8, 337) = 966
Count ((6, 84), (7, 169)) = 2556
Count ((7, 169), (8, 338)) = 540
Count (7, 169) = 6942
Count (8, 338) = 798
Count ((7, 169), (8, 339)) = 924
Count (8, 339) = 1050
Count ((5, 42), (6, 85)) = 5880
Count ((6, 85), (7, 170)) = 1296
Count ((7, 170), (8, 340)) = 456
Count (7, 170) = 4588
Count (8, 340) = 840
Count ((7, 170), (8, 341)) = 624
Count (8, 341) = 672
Count ((6, 85), (7, 171)) = 2088
Count ((7, 171), (8, 342)) = 528
Count (7, 171) = 10780
Count (8, 342) = 924
Count ((7, 171), (8, 343)) = 744
Count (8, 343) = 756
Count ((4, 21), (5, 43)) = 13950
Count ((5, 43), (6, 86)) = 3456
Count ((6, 86), (7, 172)) = 1386
Count ((7, 172), (8, 344)) = 528
Count (7, 172) = 4608
Count (8, 344) = 882
Count ((7, 172), (8, 345)) = 792
Count (8, 345) = 840
Count ((6, 86), (7, 173)) = 1998
Count ((7, 173), (8, 346)) = 408
Count (7, 173) = 5340
Count (8, 346) = 714
Count ((7, 173), (8, 347)) = 624
Count (8, 347) = 756
Count ((5, 43), (6, 87)) = 5376
Count ((6, 87), (7, 174)) = 1332
Count ((7, 174), (8, 348)) = 456
Count (7, 174) = 3894
Count (8, 348) = 756
Count ((7, 174), (8, 349)) = 720
Count (8, 349) = 840
Count ((6, 87), (7, 175)) = 2052
Count ((7, 175), (8, 350)) = 468
Count (7, 175) = 10164
Count (8, 350) = 798
Count ((7, 175), (8, 351)) = 708
Count (8, 351) = 798
Count ((2, 5), (3, 11)) = 72828
Count ((3, 11), (4, 22)) = 22068
Count ((4, 22), (5, 44)) = 9660
Count ((5, 44), (6, 88)) = 3984
Count ((6, 88), (7, 176)) = 1440
Count ((7, 176), (8, 352)) = 468
Count (7, 176) = 6230
Count (8, 352) = 714
Count ((7, 176), (8, 353)) = 804
Count (8, 353) = 966
Count ((6, 88), (7, 177)) = 2232
Count ((7, 177), (8, 354)) = 492
Count (7, 177) = 9030
Count (8, 354) = 798
Count ((7, 177), (8, 355)) = 780
Count (8, 355) = 882
Count ((5, 44), (6, 89)) = 6528
Count ((6, 89), (7, 178)) = 1746
Count ((7, 178), (8, 356)) = 624
Count (7, 178) = 7476
Count (8, 356) = 966
Count ((7, 178), (8, 357)) = 984
Count (8, 357) = 1008
Count ((6, 89), (7, 179)) = 2646
Count ((7, 179), (8, 358)) = 600
Count (7, 179) = 13224
Count (8, 358) = 1050
Count ((7, 179), (8, 359)) = 816
Count (8, 359) = 756
Count ((4, 22), (5, 45)) = 14610
Count ((5, 45), (6, 90)) = 3936
Count ((6, 90), (7, 180)) = 1620
Count ((7, 180), (8, 360)) = 588
Count (7, 180) = 6162
Count (8, 360) = 966
Count ((7, 180), (8, 361)) = 876
Count (8, 361) = 882
Count ((6, 90), (7, 181)) = 2484
Count ((7, 181), (8, 362)) = 516
Count (7, 181) = 6586
Count (8, 362) = 798
Count ((7, 181), (8, 363)) = 852
Count (8, 363) = 966
Count ((5, 45), (6, 91)) = 5856
Count ((6, 91), (7, 182)) = 1332
Count ((7, 182), (8, 364)) = 456
Count (7, 182) = 5544
Count (8, 364) = 756
Count ((7, 182), (8, 365)) = 720
Count (8, 365) = 840
Count ((6, 91), (7, 183)) = 2052
Count ((7, 183), (8, 366)) = 504
Count (7, 183) = 9174
Count (8, 366) = 924
Count ((7, 183), (8, 367)) = 672
Count (8, 367) = 672
Count ((3, 11), (4, 23)) = 35172
Count ((4, 23), (5, 46)) = 9780
Count ((5, 46), (6, 92)) = 3984
Count ((6, 92), (7, 184)) = 1566
Count ((7, 184), (8, 368)) = 552
Count (7, 184) = 5476
Count (8, 368) = 924
Count ((7, 184), (8, 369)) = 816
Count (8, 369) = 840
Count ((6, 92), (7, 185)) = 2466
Count ((7, 185), (8, 370)) = 552
Count (7, 185) = 5624
Count (8, 370) = 882
Count ((7, 185), (8, 371)) = 864
Count (8, 371) = 924
Count ((5, 46), (6, 93)) = 6072
Count ((6, 93), (7, 186)) = 1458
Count ((7, 186), (8, 372)) = 540
Count (7, 186) = 4248
Count (8, 372) = 924
Count ((7, 186), (8, 373)) = 780
Count (8, 373) = 798
Count ((6, 93), (7, 187)) = 2214
Count ((7, 187), (8, 374)) = 480
Count (7, 187) = 9792
Count (8, 374) = 798
Count ((7, 187), (8, 375)) = 744
Count (8, 375) = 840
Count ((4, 23), (5, 47)) = 15570
Count ((5, 47), (6, 94)) = 4200
Count ((6, 94), (7, 188)) = 1638
Count ((7, 188), (8, 376)) = 552
Count (7, 188) = 6216
Count (8, 376) = 924
Count ((7, 188), (8, 377)) = 816
Count (8, 377) = 840
Count ((6, 94), (7, 189)) = 2682
Count ((7, 189), (8, 378)) = 624
Count (7, 189) = 7896
Count (8, 378) = 966
Count ((7, 189), (8, 379)) = 984
Count (8, 379) = 1008
Count ((5, 47), (6, 95)) = 6336
Count ((6, 95), (7, 190)) = 1476
Count ((7, 190), (8, 380)) = 528
Count (7, 190) = 5688
Count (8, 380) = 882
Count ((7, 190), (8, 381)) = 792
Count (8, 381) = 840
Count ((6, 95), (7, 191)) = 2268
Count ((7, 191), (8, 382)) = 468
Count (7, 191) = 14280
Count (8, 382) = 714
Count ((7, 191), (8, 383)) = 804
Count (8, 383) = 966
Count ((0, 1), (1, 3)) = 104076
Count ((1, 3), (2, 6)) = 99888
Count ((2, 6), (3, 12)) = 47712
Count ((3, 12), (4, 24)) = 22428
Count ((4, 24), (5, 48)) = 9630
Count ((5, 48), (6, 96)) = 3624
Count ((6, 96), (7, 192)) = 1224
Count ((7, 192), (8, 384)) = 420
Count (7, 192) = 5452
Count (8, 384) = 798
Count ((7, 192), (8, 385)) = 564
Count (8, 385) = 630
Count ((6, 96), (7, 193)) = 2016
Count ((7, 193), (8, 386)) = 504
Count (7, 193) = 7630
Count (8, 386) = 840
Count ((7, 193), (8, 387)) = 768
Count (8, 387) = 840
Count ((5, 48), (6, 97)) = 6048
Count ((6, 97), (7, 194)) = 1656
Count ((7, 194), (8, 388)) = 576
Count (7, 194) = 7120
Count (8, 388) = 882
Count ((7, 194), (8, 389)) = 936
Count (8, 389) = 1008
Count ((6, 97), (7, 195)) = 2520
Count ((7, 195), (8, 390)) = 564
Count (7, 195) = 10286
Count (8, 390) = 966
Count ((7, 195), (8, 391)) = 804
Count (8, 391) = 798
Count ((4, 24), (5, 49)) = 15540
Count ((5, 49), (6, 98)) = 4224
Count ((6, 98), (7, 196)) = 1638
Count ((7, 196), (8, 392)) = 600
Count (7, 196) = 6552
Count (8, 392) = 1008
Count ((7, 196), (8, 393)) = 864
Count (8, 393) = 840
Count ((6, 98), (7, 197)) = 2538
Count ((7, 197), (8, 394)) = 552
Count (7, 197) = 6764
Count (8, 394) = 882
Count ((7, 197), (8, 395)) = 864
Count (8, 395) = 924
Count ((5, 49), (6, 99)) = 6600
Count ((6, 99), (7, 198)) = 1530
Count ((7, 198), (8, 396)) = 492
Count (7, 198) = 5372
Count (8, 396) = 840
Count ((7, 198), (8, 397)) = 732
Count (8, 397) = 798
Count ((6, 99), (7, 199)) = 2574
Count ((7, 199), (8, 398)) = 612
Count (7, 199) = 12096
Count (8, 398) = 924
Count ((7, 199), (8, 399)) = 996
Count (8, 399) = 1050
Count ((3, 12), (4, 25)) = 33120
Count ((4, 25), (5, 50)) = 9210
Count ((5, 50), (6, 100)) = 3816
Count ((6, 100), (7, 200)) = 1368
Count ((7, 200), (8, 400)) = 420
Count (7, 200) = 5208
Count (8, 400) = 714
Count ((7, 200), (8, 401)) = 660
Count (8, 401) = 798
Count ((6, 100), (7, 201)) = 2304
Count ((7, 201), (8, 402)) = 564
Count (7, 201) = 10842
Count (8, 402) = 882
Count ((7, 201), (8, 403)) = 900
Count (8, 403) = 966
Count ((5, 50), (6, 101)) = 6072
Count ((6, 101), (7, 202)) = 1530
Count ((7, 202), (8, 404)) = 540
Count (7, 202) = 5846
Count (8, 404) = 882
Count ((7, 202), (8, 405)) = 828
Count (8, 405) = 882
Count ((6, 101), (7, 203)) = 2358
Count ((7, 203), (8, 406)) = 528
Count (7, 203) = 10368
Count (8, 406) = 882
Count ((7, 203), (8, 407)) = 792
Count (8, 407) = 840
Count ((4, 25), (5, 51)) = 13770
Count ((5, 51), (6, 102)) = 3552
Count ((6, 102), (7, 204)) = 1314
Count ((7, 204), (8, 408)) = 432
Count (7, 204) = 4278
Count (8, 408) = 756
Count ((7, 204), (8, 409)) = 648
Count (8, 409) = 756
Count ((6, 102), (7, 205)) = 2142
Count ((7, 205), (8, 410)) = 528
Count (7, 205) = 11088
Count (8, 410) = 882
Count ((7, 205), (8, 411)) = 792
Count (8, 411) = 840
Count ((5, 51), (6, 103)) = 5544
Count ((6, 103), (7, 206)) = 1404
Count ((7, 206), (8, 412)) = 528
Count (7, 206) = 5180
Count (8, 412) = 924
Count ((7, 206), (8, 413)) = 744
Count (8, 413) = 756
Count ((6, 103), (7, 207)) = 2124
Count ((7, 207), (8, 414)) = 504
Count (7, 207) = 12804
Count (8, 414) = 924
Count ((7, 207), (8, 415)) = 672
Count (8, 415) = 672
Count ((2, 6), (3, 13)) = 70602
Count ((3, 13), (4, 26)) = 21276
Count ((4, 26), (5, 52)) = 9210
Count ((5, 52), (6, 104)) = 3768
Count ((6, 104), (7, 208)) = 1404
Count ((7, 208), (8, 416)) = 444
Count (7, 208) = 5696
Count (8, 416) = 756
Count ((7, 208), (8, 417)) = 684
Count (8, 417) = 798
Count ((6, 104), (7, 209)) = 2340
Count ((7, 209), (8, 418)) = 588
Count (7, 209) = 8502
Count (8, 418) = 966
Count ((7, 209), (8, 419)) = 876
Count (8, 419) = 882
Count ((5, 52), (6, 105)) = 5832
Count ((6, 105), (7, 210)) = 1368
Count ((7, 210), (8, 420)) = 444
Count (7, 210) = 8256
Count (8, 420) = 756
Count ((7, 210), (8, 421)) = 684
Count (8, 421) = 798
Count ((6, 105), (7, 211)) = 2232
Count ((7, 211), (8, 422)) = 528
Count (7, 211) = 9176
Count (8, 422) = 840
Count ((7, 211), (8, 423)) = 840
Count (8, 423) = 924
Count ((4, 26), (5, 53)) = 14340
Count ((5, 53), (6, 106)) = 3696
Count ((6, 106), (7, 212)) = 1494
Count ((7, 212), (8, 424)) = 588
Count (7, 212) = 9282
Count (8, 424) = 966
Count ((7, 212), (8, 425)) = 876
Count (8, 425) = 882
Count ((6, 106), (7, 213)) = 2106
Count ((7, 213), (8, 426)) = 408
Count (7, 213) = 5640
Count (8, 426) = 714
Count ((7, 213), (8, 427)) = 624
Count (8, 427) = 756
Count ((5, 53), (6, 107)) = 5784
Count ((6, 107), (7, 214)) = 1350
Count ((7, 214), (8, 428)) = 408
Count (7, 214) = 3540
Count (8, 428) = 714
Count ((7, 214), (8, 429)) = 624
Count (8, 429) = 756
Count ((6, 107), (7, 215)) = 2322
Count ((7, 215), (8, 430)) = 600
Count (7, 215) = 11520
Count (8, 430) = 966
Count ((7, 215), (8, 431)) = 912
Count (8, 431) = 924
Count ((3, 13), (4, 27)) = 31068
Count ((4, 27), (5, 54)) = 8550
Count ((5, 54), (6, 108)) = 3528
Count ((6, 108), (7, 216)) = 1386
Count ((7, 216), (8, 432)) = 492
Count (7, 216) = 5032
Count (8, 432) = 840
Count ((7, 216), (8, 433)) = 732
Count (8, 433) = 798
Count ((6, 108), (7, 217)) = 2142
Count ((7, 217), (8, 434)) = 504
Count (7, 217) = 10472
Count (8, 434) = 882
Count ((7, 217), (8, 435)) = 720
Count (8, 435) = 756
Count ((5, 54), (6, 109)) = 5376
Count ((6, 109), (7, 218)) = 1278
Count ((7, 218), (8, 436)) = 468
Count (7, 218) = 4898
Count (8, 436) = 882
Count ((7, 218), (8, 437)) = 612
Count (8, 437) = 630
Count ((6, 109), (7, 219)) = 2034
Count ((7, 219), (8, 438)) = 504
Count (7, 219) = 7752
Count (8, 438) = 882
Count ((7, 219), (8, 439)) = 720
Count (8, 439) = 756
Count ((4, 27), (5, 55)) = 13200
Count ((5, 55), (6, 110)) = 3528
Count ((6, 110), (7, 220)) = 1260
Count ((7, 220), (8, 440)) = 432
Count (7, 220) = 3840
Count (8, 440) = 798
Count ((7, 220), (8, 441)) = 600
Count (8, 441) = 672
Count ((6, 110), (7, 221)) = 2052
Count ((7, 221), (8, 442)) = 468
Count (7, 221) = 6230
Count (8, 442) = 714
Count ((7, 221), (8, 443)) = 804
Count (8, 443) = 966
Count ((5, 55), (6, 111)) = 5688
Count ((6, 111), (7, 222)) = 1476
Count ((7, 222), (8, 444)) = 492
Count (7, 222) = 4968
Count (8, 444) = 756
Count ((7, 222), (8, 445)) = 828
Count (8, 445) = 966
Count ((6, 111), (7, 223)) = 2268
Count ((7, 223), (8, 446)) = 528
Count (7, 223) = 18130
Count (8, 446) = 924
Count ((7, 223), (8, 447)) = 744
Count (8, 447) = 756
Count ((1, 3), (2, 7)) = 80430
Count ((2, 7), (3, 14)) = 46494
Count ((3, 14), (4, 28)) = 20052
Count ((4, 28), (5, 56)) = 8400
Count ((5, 56), (6, 112)) = 3384
Count ((6, 112), (7, 224)) = 1332
Count ((7, 224), (8, 448)) = 480
Count (7, 224) = 5874
Count (8, 448) = 840
Count ((7, 224), (8, 449)) = 696
Count (8, 449) = 756
Count ((6, 112), (7, 225)) = 2052
Count ((7, 225), (8, 450)) = 444
Count (7, 225) = 6534
Count (8, 450) = 714
Count ((7, 225), (8, 451)) = 732
Count (8, 451) = 882
Count ((5, 56), (6, 113)) = 5136
Count ((6, 113), (7, 226)) = 1260
Count ((7, 226), (8, 452)) = 456
Count (7, 226) = 6656
Count (8, 452) = 798
Count ((7, 226), (8, 453)) = 672
Count (8, 453) = 756
Count ((6, 113), (7, 227)) = 1908
Count ((7, 227), (8, 454)) = 432
Count (7, 227) = 6448
Count (8, 454) = 756
Count ((7, 227), (8, 455)) = 648
Count (8, 455) = 756
Count ((4, 28), (5, 57)) = 13230
Count ((5, 57), (6, 114)) = 3600
Count ((6, 114), (7, 228)) = 1422
Count ((7, 228), (8, 456)) = 540
Count (7, 228) = 5688
Count (8, 456) = 924
Count ((7, 228), (8, 457)) = 780
Count (8, 457) = 798
Count ((6, 114), (7, 229)) = 2106
Count ((7, 229), (8, 458)) = 420
Count (7, 229) = 6336
Count (8, 458) = 672
Count ((7, 229), (8, 459)) = 708
Count (8, 459) = 882
Count ((5, 57), (6, 115)) = 5616
Count ((6, 115), (7, 230)) = 1404
Count ((7, 230), (8, 460)) = 516
Count (7, 230) = 6580
Count (8, 460) = 882
Count ((7, 230), (8, 461)) = 756
Count (8, 461) = 798
Count ((6, 115), (7, 231)) = 2124
Count ((7, 231), (8, 462)) = 456
Count (7, 231) = 13464
Count (8, 462) = 756
Count ((7, 231), (8, 463)) = 720
Count (8, 463) = 840
Count ((3, 14), (4, 29)) = 31752
Count ((4, 29), (5, 58)) = 9030
Count ((5, 58), (6, 116)) = 3840
Count ((6, 116), (7, 232)) = 1512
Count ((7, 232), (8, 464)) = 504
Count (7, 232) = 5530
Count (8, 464) = 840
Count ((7, 232), (8, 465)) = 768
Count (8, 465) = 840
Count ((6, 116), (7, 233)) = 2448
Count ((7, 233), (8, 466)) = 612
Count (7, 233) = 5382
Count (8, 466) = 1050
Count ((7, 233), (8, 467)) = 852
Count (8, 467) = 798
Count ((5, 58), (6, 117)) = 5760
Count ((6, 117), (7, 234)) = 1224
Count ((7, 234), (8, 468)) = 336
Count (7, 234) = 3726
Count (8, 468) = 588
Count ((7, 234), (8, 469)) = 552
Count (8, 469) = 756
Count ((6, 117), (7, 235)) = 2160
Count ((7, 235), (8, 470)) = 564
Count (7, 235) = 10452
Count (8, 470) = 882
Count ((7, 235), (8, 471)) = 900
Count (8, 471) = 966
Count ((4, 29), (5, 59)) = 13800
Count ((5, 59), (6, 118)) = 3480
Count ((6, 118), (7, 236)) = 1296
Count ((7, 236), (8, 472)) = 420
Count (7, 236) = 6448
Count (8, 472) = 714
Count ((7, 236), (8, 473)) = 660
Count (8, 473) = 798
Count ((6, 118), (7, 237)) = 2088
Count ((7, 237), (8, 474)) = 504
Count (7, 237) = 8330
Count (8, 474) = 840
Count ((7, 237), (8, 475)) = 768
Count (8, 475) = 840
Count ((5, 59), (6, 119)) = 5424
Count ((6, 119), (7, 238)) = 1422
Count ((7, 238), (8, 476)) = 552
Count (7, 238) = 4736
Count (8, 476) = 924
Count ((7, 238), (8, 477)) = 816
Count (8, 477) = 840
Count ((6, 119), (7, 239)) = 2034
Count ((7, 239), (8, 478)) = 432
Count (7, 239) = 12240
Count (8, 478) = 798
Count ((7, 239), (8, 479)) = 600
Count (8, 479) = 672
Count ((2, 7), (3, 15)) = 49680
Count ((3, 15), (4, 30)) = 20664
Count ((4, 30), (5, 60)) = 8760
Count ((5, 60), (6, 120)) = 3432
Count ((6, 120), (7, 240)) = 1260
Count ((7, 240), (8, 480)) = 408
Count (7, 240) = 5208
Count (8, 480) = 672
Count ((7, 240), (8, 481)) = 672
Count (8, 481) = 840
Count ((6, 120), (7, 241)) = 1980
Count ((7, 241), (8, 482)) = 468
Count (7, 241) = 5874
Count (8, 482) = 798
Count ((7, 241), (8, 483)) = 708
Count (8, 483) = 798
Count ((5, 60), (6, 121)) = 5472
Count ((6, 121), (7, 242)) = 1494
Count ((7, 242), (8, 484)) = 576
Count (7, 242) = 5382
Count (8, 484) = 924
Count ((7, 242), (8, 485)) = 888
Count (8, 485) = 924
Count ((6, 121), (7, 243)) = 2106
Count ((7, 243), (8, 486)) = 444
Count (7, 243) = 8940
Count (8, 486) = 840
Count ((7, 243), (8, 487)) = 588
Count (8, 487) = 630
Count ((4, 30), (5, 61)) = 13620
Count ((5, 61), (6, 122)) = 3816
Count ((6, 122), (7, 244)) = 1404
Count ((7, 244), (8, 488)) = 468
Count (7, 244) = 8092
Count (8, 488) = 756
Count ((7, 244), (8, 489)) = 756
Count (8, 489) = 882
Count ((6, 122), (7, 245)) = 2196
Count ((7, 245), (8, 490)) = 492
Count (7, 245) = 5880
Count (8, 490) = 798
Count ((7, 245), (8, 491)) = 780
Count (8, 491) = 882
Count ((5, 61), (6, 123)) = 6120
Count ((6, 123), (7, 246)) = 1584
Count ((7, 246), (8, 492)) = 552
Count (7, 246) = 5624
Count (8, 492) = 882
Count ((7, 246), (8, 493)) = 864
Count (8, 493) = 924
Count ((6, 123), (7, 247)) = 2448
Count ((7, 247), (8, 494)) = 552
Count (7, 247) = 8806
Count (8, 494) = 924
Count ((7, 247), (8, 495)) = 816
Count (8, 495) = 840
Count ((3, 15), (4, 31)) = 22320
Count ((4, 31), (5, 62)) = 9690
Count ((5, 62), (6, 124)) = 3912
Count ((6, 124), (7, 248)) = 1350
Count ((7, 248), (8, 496)) = 432
Count (7, 248) = 4740
Count (8, 496) = 798
Count ((7, 248), (8, 497)) = 600
Count (8, 497) = 672
Count ((6, 124), (7, 249)) = 2322
Count ((7, 249), (8, 498)) = 576
Count (7, 249) = 9120
Count (8, 498) = 882
Count ((7, 249), (8, 499)) = 936
Count (8, 499) = 1008
Count ((5, 62), (6, 125)) = 6360
Count ((6, 125), (7, 250)) = 1602
Count ((7, 250), (8, 500)) = 540
Count (7, 250) = 5106
Count (8, 500) = 882
Count ((7, 250), (8, 501)) = 828
Count (8, 501) = 882
Count ((6, 125), (7, 251)) = 2574
Count ((7, 251), (8, 502)) = 576
Count (7, 251) = 6720
Count (8, 502) = 882
Count ((7, 251), (8, 503)) = 936
Count (8, 503) = 1008
Count ((4, 31), (5, 63)) = 12024
Count ((5, 63), (6, 126)) = 3984
Count ((6, 126), (7, 252)) = 1656
Count ((7, 252), (8, 504)) = 552
Count (7, 252) = 6004
Count (8, 504) = 882
Count ((7, 252), (8, 505)) = 864
Count (8, 505) = 924
Count ((6, 126), (7, 253)) = 2664
Count ((7, 253), (8, 506)) = 588
Count (7, 253) = 5248
Count (8, 506) = 882
Count ((7, 253), (8, 507)) = 972
Count (8, 507) = 1050
Count ((5, 63), (6, 127)) = 4284
Count ((6, 127), (7, 254)) = 1224
Count ((7, 254), (8, 508)) = 420
Count (7, 254) = 6138
Count (8, 508) = 714
Count ((7, 254), (8, 509)) = 660
Count (8, 509) = 798
Count ((6, 127), (7, 255)) = 1872
Count ((7, 255), (8, 510)) = 408
Count (7, 255) = 1054
Count (8, 510) = 672
Count ((7, 255), (8, 511)) = 672
Count (8, 511) = 600
Count (6, 127) = 1026
Count (6, 126) = 1332
Count (6, 125) = 1296
Count (6, 124) = 1170
Count (6, 123) = 1260
Count (6, 122) = 1152
Count (6, 121) = 1152
Count (6, 120) = 1062
Count (6, 119) = 1116
Count (6, 118) = 1098
Count (6, 117) = 1098
Count (6, 116) = 1242
Count (6, 115) = 1134
Count (6, 114) = 1134
Count (6, 113) = 1044
Count (6, 112) = 1098
Count (6, 111) = 1188
Count (6, 110) = 1080
Count (6, 109) = 1080
Count (6, 108) = 1134
Count (6, 107) = 1170
Count (6, 106) = 1152
Count (6, 105) = 1152
Count (6, 104) = 1188
Count (6, 103) = 1134
Count (6, 102) = 1116
Count (6, 101) = 1224
Count (6, 100) = 1170
Count (6, 99) = 1278
Count (6, 98) = 1296
Count (6, 97) = 1296
Count (6, 96) = 1062
Count (6, 95) = 1188
Count (6, 94) = 1332
Count (6, 93) = 1170
Count (6, 92) = 1260
Count (6, 91) = 1098
Count (6, 90) = 1278
Count (6, 89) = 1350
Count (6, 88) = 1170
Count (6, 87) = 1098
Count (6, 86) = 1098
Count (6, 85) = 1098
Count (6, 84) = 1296
Count (6, 83) = 1116
Count (6, 82) = 1098
Count (6, 81) = 1152
Count (6, 80) = 1062
Count (6, 79) = 1152
Count (6, 78) = 1188
Count (6, 77) = 1044
Count (6, 76) = 1224
Count (6, 75) = 1044
Count (6, 74) = 1062
Count (6, 73) = 1026
Count (6, 72) = 1098
Count (6, 71) = 1296
Count (6, 70) = 1188
Count (6, 69) = 1080
Count (6, 68) = 1152
Count (6, 67) = 1116
Count (6, 66) = 1296
Count (6, 65) = 1242
Count (6, 64) = 1044
Count (6, 63) = 1224
Count (6, 62) = 1278
Count (6, 61) = 1242
Count (6, 60) = 1044
Count (6, 59) = 1224
Count (6, 58) = 1278
Count (6, 57) = 1170
Count (6, 56) = 1188
Count (6, 55) = 1296
Count (6, 54) = 1170
Count (6, 53) = 1116
Count (6, 52) = 1206
Count (6, 51) = 1224
Count (6, 50) = 1098
Count (6, 49) = 1152
Count (6, 48) = 1242
Count (6, 47) = 1188
Count (6, 46) = 900
Count (6, 45) = 1224
Count (6, 44) = 1188
Count (6, 43) = 1188
Count (6, 42) = 1098
Count (6, 41) = 1026
Count (6, 40) = 1314
Count (6, 39) = 1152
Count (6, 38) = 1206
Count (6, 37) = 1170
Count (6, 36) = 1134
Count (6, 35) = 1098
Count (6, 34) = 1368
Count (6, 33) = 1242
Count (6, 32) = 1188
Count (6, 31) = 1188
Count (6, 30) = 1368
Count (6, 29) = 1080
Count (6, 28) = 1188
Count (6, 27) = 1206
Count (6, 26) = 1098
Count (6, 25) = 1152
Count (6, 24) = 1260
Count (6, 23) = 1116
Count (6, 22) = 1188
Count (6, 21) = 1098
Count (6, 20) = 1206
Count (6, 19) = 1170
Count (6, 18) = 1044
Count (6, 17) = 1170
Count (6, 16) = 1080
Count (6, 15) = 1188
Count (6, 14) = 1152
Count (6, 13) = 1098
Count (6, 12) = 1026
Count (6, 11) = 1188
Count (6, 10) = 1116
Count (6, 9) = 1242
Count (6, 8) = 1098
Count (6, 7) = 1062
Count (6, 6) = 1350
Count (6, 5) = 1188
Count (6, 4) = 1206
Count (6, 3) = 1116
Count (6, 2) = 1026
Count (6, 1) = 1224
Count (6, 0) = 1026
Count (5, 0) = 2160
Count (5, 1) = 2052
Count (5, 2) = 2304
Count (5, 3) = 2322
Count (5, 4) = 2250
Count (5, 5) = 2214
Count (5, 6) = 2034
Count (5, 7) = 2250
Count (5, 8) = 2160
Count (5, 9) = 2124
Count (5, 10) = 2214
Count (5, 11) = 2214
Count (5, 12) = 2322
Count (5, 13) = 2214
Count (5, 14) = 2178
Count (5, 15) = 2466
Count (5, 16) = 2340
Count (5, 17) = 2376
Count (5, 18) = 2214
Count (5, 19) = 2268
Count (5, 20) = 2250
Count (5, 21) = 2196
Count (5, 22) = 2322
Count (5, 23) = 1998
Count (5, 24) = 2304
Count (5, 25) = 2232
Count (5, 26) = 2232
Count (5, 27) = 2376
Count (5, 28) = 2268
Count (5, 29) = 2412
Count (5, 30) = 2196
Count (5, 31) = 2412
Count (5, 32) = 2196
Count (5, 33) = 2322
Count (5, 34) = 2142
Count (5, 35) = 2394
Count (5, 36) = 2034
Count (5, 37) = 2016
Count (5, 38) = 2178
Count (5, 39) = 2250
Count (5, 40) = 2124
Count (5, 41) = 2124
Count (5, 42) = 2304
Count (5, 43) = 2106
Count (5, 44) = 2430
Count (5, 45) = 2286
Count (5, 46) = 2340
Count (5, 47) = 2430
Count (5, 48) = 2268
Count (5, 49) = 2484
Count (5, 50) = 2304
Count (5, 51) = 2160
Count (5, 52) = 2250
Count (5, 53) = 2232
Count (5, 54) = 2124
Count (5, 55) = 2178
Count (5, 56) = 2052
Count (5, 57) = 2178
Count (5, 58) = 2250
Count (5, 59) = 2124
Count (5, 60) = 2124
Count (5, 61) = 2322
Count (5, 62) = 2376
Count (5, 63) = 2268
Count (4, 31) = 4554
Count (4, 30) = 4284
Count (4, 29) = 4284
Count (4, 28) = 4140
Count (4, 27) = 4158
Count (4, 26) = 4392
Count (4, 25) = 4338
Count (4, 24) = 4662
Count (4, 23) = 4680
Count (4, 22) = 4554
Count (4, 21) = 4320
Count (4, 20) = 4122
Count (4, 19) = 4302
Count (4, 18) = 3960
Count (4, 17) = 4392
Count (4, 16) = 4428
Count (4, 15) = 4518
Count (4, 14) = 4518
Count (4, 13) = 4518
Count (4, 12) = 4428
Count (4, 11) = 4194
Count (4, 10) = 4356
Count (4, 9) = 4338
Count (4, 8) = 4626
Count (4, 7) = 4554
Count (4, 6) = 4410
Count (4, 5) = 4338
Count (4, 4) = 4158
Count (4, 3) = 4122
Count (4, 2) = 4374
Count (4, 1) = 4464
Count (4, 0) = 4122
Count (3, 0) = 8424
Count (3, 1) = 8334
Count (3, 2) = 8370
Count (3, 3) = 8838
Count (3, 4) = 8820
Count (3, 5) = 8424
Count (3, 6) = 8838
Count (3, 7) = 8856
Count (3, 8) = 8676
Count (3, 9) = 8136
Count (3, 10) = 8316
Count (3, 11) = 9072
Count (3, 12) = 8856
Count (3, 13) = 8406
Count (3, 14) = 8334
Count (3, 15) = 8676
Count (2, 7) = 16776
Count (2, 6) = 17010
Count (2, 5) = 17190
Count (2, 4) = 16632
Count (2, 3) = 17424
Count (2, 2) = 17010
Count (2, 1) = 16974
Count (2, 0) = 16506
Count (1, 0) = 32544
Count (1, 1) = 33480
Count (1, 2) = 33102
Count (1, 3) = 32976
Count (0, 1) = 73872
Count (0, 0) = 76725
Total contractions: 9547648
^^^^^^^^^^^^^^^^^^^^^^^^^^^^^^^^^^^^^^^^^^^^^^^^^^^^^^^^^^^^
Simulation time is 367.2373.
