params =  {'N': 16, 'xi': 0.25}
Starting simulation input
==================== Contraction summary iTPO (indexing=True, compress=False) ====================
Count ((2, 7), (1, 3)) = 130
Count ((2, 6), (1, 3)) = 130
Count ((2, 5), (1, 2)) = 130
Count ((2, 4), (1, 2)) = 130
Count ((2, 3), (1, 1)) = 130
Count ((2, 2), (1, 1)) = 130
Count ((2, 1), (1, 0)) = 130
Count ((2, 0), (1, 0)) = 130
Count ((1, 3), (0, 1)) = 342
Count ((1, 2), (0, 1)) = 342
Count ((1, 1), (0, 0)) = 342
Count ((1, 0), (0, 0)) = 342
Count ((0, 1), (0, 0)) = 1480
Count ((0, 0), (1, 0)) = 1216
Count (1, 0) = 23877
Count ((1, 0), (2, 0)) = 754
Count (2, 0) = 1554
Count ((1, 0), (2, 1)) = 816
Count (2, 1) = 1554
Count ((0, 0), (1, 1)) = 1224
Count ((1, 1), (2, 2)) = 696
Count (1, 1) = 25704
Count (2, 2) = 1554
Count ((1, 1), (2, 3)) = 816
Count (2, 3) = 1554
Count ((0, 0), (0, 1)) = 1440
Count ((0, 1), (1, 2)) = 1152
Count ((1, 2), (2, 4)) = 696
Count (1, 2) = 29484
Count (2, 4) = 1554
Count ((1, 2), (2, 5)) = 816
Count (2, 5) = 1554
Count ((0, 1), (1, 3)) = 1224
Count ((1, 3), (2, 6)) = 696
Count (1, 3) = 2142
Count (2, 6) = 1554
Count ((1, 3), (2, 7)) = 816
Count (2, 7) = 1110
Count (0, 1) = 2328
Count (0, 0) = 2425
Total contractions: 114198
^^^^^^^^^^^^^^^^^^^^^^^^^^^^^^^^^^^^^^^^^^^^^^^^^^^^^^^^^^^^
Simulation time is 5.0005.
params =  {'N': 32, 'xi': 0.25}
Starting simulation input
==================== Contraction summary iTPO (indexing=True, compress=False) ====================
Count ((3, 15), (2, 7)) = 130
Count ((3, 14), (2, 7)) = 130
Count ((3, 13), (2, 6)) = 130
Count ((3, 12), (2, 6)) = 130
Count ((3, 11), (2, 5)) = 130
Count ((3, 10), (2, 5)) = 130
Count ((3, 9), (2, 4)) = 130
Count ((3, 8), (2, 4)) = 130
Count ((3, 7), (2, 3)) = 130
Count ((3, 6), (2, 3)) = 130
Count ((3, 5), (2, 2)) = 130
Count ((3, 4), (2, 2)) = 130
Count ((3, 3), (2, 1)) = 130
Count ((3, 2), (2, 1)) = 130
Count ((3, 1), (2, 0)) = 130
Count ((3, 0), (2, 0)) = 130
Count ((2, 7), (1, 3)) = 342
Count ((2, 6), (1, 3)) = 342
Count ((2, 5), (1, 2)) = 342
Count ((2, 4), (1, 2)) = 342
Count ((2, 3), (1, 1)) = 342
Count ((2, 2), (1, 1)) = 342
Count ((2, 1), (1, 0)) = 342
Count ((2, 0), (1, 0)) = 342
Count ((1, 3), (0, 1)) = 1000
Count ((1, 2), (0, 1)) = 1000
Count ((1, 1), (0, 0)) = 1000
Count ((1, 0), (0, 0)) = 760
Count ((0, 1), (0, 0)) = 4644
Count ((0, 0), (0, 1)) = 4536
Count ((0, 1), (1, 3)) = 4704
Count ((1, 3), (2, 7)) = 3240
Count (2, 7) = 62103
Count ((2, 7), (3, 15)) = 1776
Count (3, 15) = 2898
Count ((2, 7), (3, 14)) = 1464
Count (3, 14) = 2898
Count ((1, 3), (2, 6)) = 2880
Count ((2, 6), (3, 13)) = 1776
Count (2, 6) = 46736
Count (3, 13) = 2898
Count ((2, 6), (3, 12)) = 1464
Count (3, 12) = 2898
Count ((0, 1), (1, 2)) = 4512
Count ((1, 2), (2, 5)) = 3240
Count ((2, 5), (3, 11)) = 1776
Count (2, 5) = 120396
Count (3, 11) = 2898
Count ((2, 5), (3, 10)) = 1464
Count (3, 10) = 2898
Count ((1, 2), (2, 4)) = 2880
Count ((2, 4), (3, 9)) = 1776
Count (2, 4) = 53086
Count (3, 9) = 2898
Count ((2, 4), (3, 8)) = 1464
Count (3, 8) = 2898
Count ((0, 0), (1, 1)) = 4704
Count ((1, 1), (2, 3)) = 3240
Count ((2, 3), (3, 7)) = 1776
Count (2, 3) = 40386
Count (3, 7) = 2898
Count ((2, 3), (3, 6)) = 1464
Count (3, 6) = 2898
Count ((1, 1), (2, 2)) = 2880
Count ((2, 2), (3, 5)) = 1776
Count (2, 2) = 39116
Count (3, 5) = 2898
Count ((2, 2), (3, 4)) = 1464
Count (3, 4) = 2898
Count ((0, 0), (1, 0)) = 3572
Count ((1, 0), (2, 1)) = 3240
Count ((2, 1), (3, 3)) = 1776
Count (2, 1) = 58166
Count (3, 3) = 2898
Count ((2, 1), (3, 2)) = 1464
Count (3, 2) = 2898
Count ((1, 0), (2, 0)) = 3040
Count ((2, 0), (3, 1)) = 1776
Count (2, 0) = 4318
Count (3, 1) = 2898
Count ((2, 0), (3, 0)) = 1586
Count (3, 0) = 2070
Count (1, 0) = 4050
Count (1, 1) = 4050
Count (1, 2) = 4050
Count (1, 3) = 4050
Count (0, 1) = 8376
Count (0, 0) = 8725
Total contractions: 589078
^^^^^^^^^^^^^^^^^^^^^^^^^^^^^^^^^^^^^^^^^^^^^^^^^^^^^^^^^^^^
Simulation time is 21.3312.
params =  {'N': 64, 'xi': 0.25}
Starting simulation input
==================== Contraction summary iTPO (indexing=True, compress=False) ====================
Count ((4, 31), (3, 15)) = 130
Count ((4, 30), (3, 15)) = 130
Count ((4, 29), (3, 14)) = 130
Count ((4, 28), (3, 14)) = 130
Count ((4, 27), (3, 13)) = 130
Count ((4, 26), (3, 13)) = 130
Count ((4, 25), (3, 12)) = 130
Count ((4, 24), (3, 12)) = 130
Count ((4, 23), (3, 11)) = 130
Count ((4, 22), (3, 11)) = 130
Count ((4, 21), (3, 10)) = 130
Count ((4, 20), (3, 10)) = 130
Count ((4, 19), (3, 9)) = 130
Count ((4, 18), (3, 9)) = 130
Count ((4, 17), (3, 8)) = 130
Count ((4, 16), (3, 8)) = 130
Count ((4, 15), (3, 7)) = 130
Count ((4, 14), (3, 7)) = 130
Count ((4, 13), (3, 6)) = 130
Count ((4, 12), (3, 6)) = 130
Count ((4, 11), (3, 5)) = 130
Count ((4, 10), (3, 5)) = 130
Count ((4, 9), (3, 4)) = 130
Count ((4, 8), (3, 4)) = 130
Count ((4, 7), (3, 3)) = 130
Count ((4, 6), (3, 3)) = 130
Count ((4, 5), (3, 2)) = 130
Count ((4, 4), (3, 2)) = 130
Count ((4, 3), (3, 1)) = 130
Count ((4, 2), (3, 1)) = 130
Count ((4, 1), (3, 0)) = 130
Count ((4, 0), (3, 0)) = 130
Count ((3, 15), (2, 7)) = 342
Count ((3, 14), (2, 7)) = 342
Count ((3, 13), (2, 6)) = 342
Count ((3, 12), (2, 6)) = 342
Count ((3, 11), (2, 5)) = 342
Count ((3, 10), (2, 5)) = 342
Count ((3, 9), (2, 4)) = 342
Count ((3, 8), (2, 4)) = 342
Count ((3, 7), (2, 3)) = 342
Count ((3, 6), (2, 3)) = 342
Count ((3, 5), (2, 2)) = 342
Count ((3, 4), (2, 2)) = 342
Count ((3, 3), (2, 1)) = 342
Count ((3, 2), (2, 1)) = 342
Count ((3, 1), (2, 0)) = 342
Count ((3, 0), (2, 0)) = 342
Count ((2, 7), (1, 3)) = 760
Count ((2, 6), (1, 3)) = 1000
Count ((2, 5), (1, 2)) = 1000
Count ((2, 4), (1, 2)) = 1000
Count ((2, 3), (1, 1)) = 1000
Count ((2, 2), (1, 1)) = 1000
Count ((2, 1), (1, 0)) = 1000
Count ((2, 0), (1, 0)) = 1000
Count ((1, 3), (0, 1)) = 2700
Count ((1, 2), (0, 1)) = 3348
Count ((1, 1), (0, 0)) = 3348
Count ((1, 0), (0, 0)) = 2700
Count ((0, 1), (0, 0)) = 14620
Count ((0, 0), (1, 0)) = 15700
Count ((1, 0), (2, 0)) = 12700
Count ((2, 0), (3, 0)) = 6688
Count (3, 0) = 111945
Count ((3, 0), (4, 0)) = 3250
Count (4, 0) = 5586
Count ((3, 0), (4, 1)) = 3696
Count (4, 1) = 5586
Count ((2, 0), (3, 1)) = 7272
Count ((3, 1), (4, 2)) = 3000
Count (3, 1) = 111690
Count (4, 2) = 5586
Count ((3, 1), (4, 3)) = 3696
Count (4, 3) = 5586
Count ((1, 0), (2, 1)) = 13152
Count ((2, 1), (3, 2)) = 6336
Count ((3, 2), (4, 4)) = 3000
Count (3, 2) = 165240
Count (4, 4) = 5586
Count ((3, 2), (4, 5)) = 3696
Count (4, 5) = 5586
Count ((2, 1), (3, 3)) = 7272
Count ((3, 3), (4, 6)) = 3000
Count (3, 3) = 111690
Count (4, 6) = 5586
Count ((3, 3), (4, 7)) = 3696
Count (4, 7) = 5586
Count ((0, 0), (1, 1)) = 19320
Count ((1, 1), (2, 2)) = 12192
Count ((2, 2), (3, 4)) = 6336
Count ((3, 4), (4, 8)) = 3000
Count (3, 4) = 101490
Count (4, 8) = 5586
Count ((3, 4), (4, 9)) = 3696
Count (4, 9) = 5586
Count ((2, 2), (3, 5)) = 7272
Count ((3, 5), (4, 10)) = 3000
Count (3, 5) = 165240
Count (4, 10) = 5586
Count ((3, 5), (4, 11)) = 3696
Count (4, 11) = 5586
Count ((1, 1), (2, 3)) = 13152
Count ((2, 3), (3, 6)) = 6336
Count ((3, 6), (4, 12)) = 3000
Count (3, 6) = 124440
Count (4, 12) = 5586
Count ((3, 6), (4, 13)) = 3696
Count (4, 13) = 5586
Count ((2, 3), (3, 7)) = 7272
Count ((3, 7), (4, 14)) = 3000
Count (3, 7) = 86190
Count (4, 14) = 5586
Count ((3, 7), (4, 15)) = 3696
Count (4, 15) = 5586
Count ((0, 0), (0, 1)) = 14280
Count ((0, 1), (1, 2)) = 18840
Count ((1, 2), (2, 4)) = 12192
Count ((2, 4), (3, 8)) = 6336
Count ((3, 8), (4, 16)) = 3000
Count (3, 8) = 91290
Count (4, 16) = 5586
Count ((3, 8), (4, 17)) = 3696
Count (4, 17) = 5586
Count ((2, 4), (3, 9)) = 7272
Count ((3, 9), (4, 18)) = 3000
Count (3, 9) = 65790
Count (4, 18) = 5586
Count ((3, 9), (4, 19)) = 3696
Count (4, 19) = 5586
Count ((1, 2), (2, 5)) = 13152
Count ((2, 5), (3, 10)) = 6336
Count ((3, 10), (4, 20)) = 3000
Count (3, 10) = 86190
Count (4, 20) = 5586
Count ((3, 10), (4, 21)) = 3696
Count (4, 21) = 5586
Count ((2, 5), (3, 11)) = 7272
Count ((3, 11), (4, 22)) = 3000
Count (3, 11) = 75990
Count (4, 22) = 5586
Count ((3, 11), (4, 23)) = 3696
Count (4, 23) = 5586
Count ((0, 1), (1, 3)) = 15456
Count ((1, 3), (2, 6)) = 12192
Count ((2, 6), (3, 12)) = 6336
Count ((3, 12), (4, 24)) = 3000
Count (3, 12) = 91290
Count (4, 24) = 5586
Count ((3, 12), (4, 25)) = 3696
Count (4, 25) = 5586
Count ((2, 6), (3, 13)) = 7272
Count ((3, 13), (4, 26)) = 3000
Count (3, 13) = 101490
Count (4, 26) = 5586
Count ((3, 13), (4, 27)) = 3696
Count (4, 27) = 5586
Count ((1, 3), (2, 7)) = 9864
Count ((2, 7), (3, 14)) = 6336
Count ((3, 14), (4, 28)) = 3000
Count (3, 14) = 109140
Count (4, 28) = 5586
Count ((3, 14), (4, 29)) = 3696
Count (4, 29) = 5586
Count ((2, 7), (3, 15)) = 7272
Count ((3, 15), (4, 30)) = 3000
Count (3, 15) = 8670
Count (4, 30) = 5586
Count ((3, 15), (4, 31)) = 3696
Count (4, 31) = 3990
Count (2, 7) = 8658
Count (2, 6) = 8658
Count (2, 5) = 8658
Count (2, 4) = 8658
Count (2, 3) = 8658
Count (2, 2) = 8658
Count (2, 1) = 8658
Count (2, 0) = 8658
Count (1, 0) = 15498
Count (1, 1) = 15498
Count (1, 2) = 15498
Count (1, 3) = 15498
Count (0, 1) = 31992
Count (0, 0) = 33325
Total contractions: 2424406
^^^^^^^^^^^^^^^^^^^^^^^^^^^^^^^^^^^^^^^^^^^^^^^^^^^^^^^^^^^^
Simulation time is 79.8053.
params =  {'N': 128, 'xi': 0.25}
Starting simulation input
==================== Contraction summary iTPO (indexing=True, compress=False) ====================
Count ((5, 63), (4, 31)) = 130
Count ((5, 62), (4, 31)) = 130
Count ((5, 61), (4, 30)) = 130
Count ((5, 60), (4, 30)) = 130
Count ((5, 59), (4, 29)) = 130
Count ((5, 58), (4, 29)) = 130
Count ((5, 57), (4, 28)) = 130
Count ((5, 56), (4, 28)) = 130
Count ((5, 55), (4, 27)) = 130
Count ((5, 54), (4, 27)) = 130
Count ((5, 53), (4, 26)) = 130
Count ((5, 52), (4, 26)) = 130
Count ((5, 51), (4, 25)) = 130
Count ((5, 50), (4, 25)) = 130
Count ((5, 49), (4, 24)) = 130
Count ((5, 48), (4, 24)) = 130
Count ((5, 47), (4, 23)) = 130
Count ((5, 46), (4, 23)) = 130
Count ((5, 45), (4, 22)) = 130
Count ((5, 44), (4, 22)) = 130
Count ((5, 43), (4, 21)) = 130
Count ((5, 42), (4, 21)) = 130
Count ((5, 41), (4, 20)) = 130
Count ((5, 40), (4, 20)) = 130
Count ((5, 39), (4, 19)) = 130
Count ((5, 38), (4, 19)) = 130
Count ((5, 37), (4, 18)) = 130
Count ((5, 36), (4, 18)) = 130
Count ((5, 35), (4, 17)) = 130
Count ((5, 34), (4, 17)) = 130
Count ((5, 33), (4, 16)) = 130
Count ((5, 32), (4, 16)) = 130
Count ((5, 31), (4, 15)) = 130
Count ((5, 30), (4, 15)) = 130
Count ((5, 29), (4, 14)) = 130
Count ((5, 28), (4, 14)) = 130
Count ((5, 27), (4, 13)) = 130
Count ((5, 26), (4, 13)) = 130
Count ((5, 25), (4, 12)) = 130
Count ((5, 24), (4, 12)) = 130
Count ((5, 23), (4, 11)) = 130
Count ((5, 22), (4, 11)) = 130
Count ((5, 21), (4, 10)) = 130
Count ((5, 20), (4, 10)) = 130
Count ((5, 19), (4, 9)) = 130
Count ((5, 18), (4, 9)) = 130
Count ((5, 17), (4, 8)) = 130
Count ((5, 16), (4, 8)) = 130
Count ((5, 15), (4, 7)) = 130
Count ((5, 14), (4, 7)) = 130
Count ((5, 13), (4, 6)) = 130
Count ((5, 12), (4, 6)) = 130
Count ((5, 11), (4, 5)) = 130
Count ((5, 10), (4, 5)) = 130
Count ((5, 9), (4, 4)) = 130
Count ((5, 8), (4, 4)) = 130
Count ((5, 7), (4, 3)) = 130
Count ((5, 6), (4, 3)) = 130
Count ((5, 5), (4, 2)) = 130
Count ((5, 4), (4, 2)) = 130
Count ((5, 3), (4, 1)) = 130
Count ((5, 2), (4, 1)) = 130
Count ((5, 1), (4, 0)) = 130
Count ((5, 0), (4, 0)) = 130
Count ((4, 31), (3, 15)) = 342
Count ((4, 30), (3, 15)) = 342
Count ((4, 29), (3, 14)) = 342
Count ((4, 28), (3, 14)) = 342
Count ((4, 27), (3, 13)) = 342
Count ((4, 26), (3, 13)) = 342
Count ((4, 25), (3, 12)) = 342
Count ((4, 24), (3, 12)) = 342
Count ((4, 23), (3, 11)) = 342
Count ((4, 22), (3, 11)) = 342
Count ((4, 21), (3, 10)) = 342
Count ((4, 20), (3, 10)) = 342
Count ((4, 19), (3, 9)) = 342
Count ((4, 18), (3, 9)) = 342
Count ((4, 17), (3, 8)) = 342
Count ((4, 16), (3, 8)) = 342
Count ((4, 15), (3, 7)) = 342
Count ((4, 14), (3, 7)) = 342
Count ((4, 13), (3, 6)) = 342
Count ((4, 12), (3, 6)) = 342
Count ((4, 11), (3, 5)) = 342
Count ((4, 10), (3, 5)) = 342
Count ((4, 9), (3, 4)) = 342
Count ((4, 8), (3, 4)) = 342
Count ((4, 7), (3, 3)) = 342
Count ((4, 6), (3, 3)) = 342
Count ((4, 5), (3, 2)) = 342
Count ((4, 4), (3, 2)) = 342
Count ((4, 3), (3, 1)) = 342
Count ((4, 2), (3, 1)) = 342
Count ((4, 1), (3, 0)) = 342
Count ((4, 0), (3, 0)) = 342
Count ((3, 15), (2, 7)) = 1000
Count ((3, 14), (2, 7)) = 1000
Count ((3, 13), (2, 6)) = 1000
Count ((3, 12), (2, 6)) = 1000
Count ((3, 11), (2, 5)) = 1000
Count ((3, 10), (2, 5)) = 1000
Count ((3, 9), (2, 4)) = 1000
Count ((3, 8), (2, 4)) = 1000
Count ((3, 7), (2, 3)) = 1000
Count ((3, 6), (2, 3)) = 1000
Count ((3, 5), (2, 2)) = 1000
Count ((3, 4), (2, 2)) = 1000
Count ((3, 3), (2, 1)) = 1000
Count ((3, 2), (2, 1)) = 1000
Count ((3, 1), (2, 0)) = 1000
Count ((3, 0), (2, 0)) = 760
Count ((2, 7), (1, 3)) = 2700
Count ((2, 6), (1, 3)) = 3348
Count ((2, 5), (1, 2)) = 3348
Count ((2, 4), (1, 2)) = 3348
Count ((2, 3), (1, 1)) = 3348
Count ((2, 2), (1, 1)) = 3348
Count ((2, 1), (1, 0)) = 3348
Count ((2, 0), (1, 0)) = 2700
Count ((1, 3), (0, 1)) = 10540
Count ((1, 2), (0, 1)) = 12580
Count ((1, 1), (0, 0)) = 12580
Count ((1, 0), (0, 0)) = 8500
Count ((0, 1), (0, 0)) = 58212
Count ((0, 0), (0, 1)) = 57024
Count ((0, 1), (1, 3)) = 69240
Count ((1, 3), (2, 7)) = 44640
Count ((2, 7), (3, 15)) = 30048
Count ((3, 15), (4, 31)) = 15336
Count (4, 31) = 275429
Count ((4, 31), (5, 63)) = 7536
Count (5, 63) = 10962
Count ((4, 31), (5, 62)) = 6072
Count (5, 62) = 10962
Count ((3, 15), (4, 30)) = 13248
Count ((4, 30), (5, 61)) = 7536
Count (4, 30) = 244258
Count (5, 61) = 10962
Count ((4, 30), (5, 60)) = 6072
Count (5, 60) = 10962
Count ((2, 7), (3, 14)) = 27552
Count ((3, 14), (4, 29)) = 15336
Count ((4, 29), (5, 59)) = 7536
Count (4, 29) = 228928
Count (5, 59) = 10962
Count ((4, 29), (5, 58)) = 6072
Count (5, 58) = 10962
Count ((3, 14), (4, 28)) = 13248
Count ((4, 28), (5, 57)) = 7536
Count (4, 28) = 361788
Count (5, 57) = 10962
Count ((4, 28), (5, 56)) = 6072
Count (5, 56) = 10962
Count ((1, 3), (2, 6)) = 53400
Count ((2, 6), (3, 13)) = 30048
Count ((3, 13), (4, 27)) = 15336
Count ((4, 27), (5, 55)) = 7536
Count (4, 27) = 264698
Count (5, 55) = 10962
Count ((4, 27), (5, 54)) = 6072
Count (5, 54) = 10962
Count ((3, 13), (4, 26)) = 13248
Count ((4, 26), (5, 53)) = 7536
Count (4, 26) = 274918
Count (5, 53) = 10962
Count ((4, 26), (5, 52)) = 6072
Count (5, 52) = 10962
Count ((2, 6), (3, 12)) = 27552
Count ((3, 12), (4, 25)) = 15336
Count ((4, 25), (5, 51)) = 7536
Count (4, 25) = 193158
Count (5, 51) = 10962
Count ((4, 25), (5, 50)) = 6072
Count (5, 50) = 10962
Count ((3, 12), (4, 24)) = 13248
Count ((4, 24), (5, 49)) = 7536
Count (4, 24) = 269808
Count (5, 49) = 10962
Count ((4, 24), (5, 48)) = 6072
Count (5, 48) = 10962
Count ((0, 1), (1, 2)) = 81936
Count ((1, 2), (2, 5)) = 55800
Count ((2, 5), (3, 11)) = 30048
Count ((3, 11), (4, 23)) = 15336
Count ((4, 23), (5, 47)) = 7536
Count (4, 23) = 218708
Count (5, 47) = 10962
Count ((4, 23), (5, 46)) = 6072
Count (5, 46) = 10962
Count ((3, 11), (4, 22)) = 13248
Count ((4, 22), (5, 45)) = 7536
Count (4, 22) = 188048
Count (5, 45) = 10962
Count ((4, 22), (5, 44)) = 6072
Count (5, 44) = 10962
Count ((2, 5), (3, 10)) = 27552
Count ((3, 10), (4, 21)) = 15336
Count ((4, 21), (5, 43)) = 7536
Count (4, 21) = 188048
Count (5, 43) = 10962
Count ((4, 21), (5, 42)) = 6072
Count (5, 42) = 10962
Count ((3, 10), (4, 20)) = 13248
Count ((4, 20), (5, 41)) = 7536
Count (4, 20) = 167608
Count (5, 41) = 10962
Count ((4, 20), (5, 40)) = 6072
Count (5, 40) = 10962
Count ((1, 2), (2, 4)) = 53400
Count ((2, 4), (3, 9)) = 30048
Count ((3, 9), (4, 19)) = 15336
Count ((4, 19), (5, 39)) = 7536
Count (4, 19) = 193158
Count (5, 39) = 10962
Count ((4, 19), (5, 38)) = 6072
Count (5, 38) = 10962
Count ((3, 9), (4, 18)) = 13248
Count ((4, 18), (5, 37)) = 7536
Count (4, 18) = 167608
Count (5, 37) = 10962
Count ((4, 18), (5, 36)) = 6072
Count (5, 36) = 10962
Count ((2, 4), (3, 8)) = 27552
Count ((3, 8), (4, 17)) = 15336
Count ((4, 17), (5, 35)) = 7536
Count (4, 17) = 290248
Count (5, 35) = 10962
Count ((4, 17), (5, 34)) = 6072
Count (5, 34) = 10962
Count ((3, 8), (4, 16)) = 13248
Count ((4, 16), (5, 33)) = 7536
Count (4, 16) = 182938
Count (5, 33) = 10962
Count ((4, 16), (5, 32)) = 6072
Count (5, 32) = 10962
Count ((0, 0), (1, 1)) = 83088
Count ((1, 1), (2, 3)) = 55800
Count ((2, 3), (3, 7)) = 30048
Count ((3, 7), (4, 15)) = 15336
Count ((4, 15), (5, 31)) = 7536
Count (4, 15) = 213598
Count (5, 31) = 10962
Count ((4, 15), (5, 30)) = 6072
Count (5, 30) = 10962
Count ((3, 7), (4, 14)) = 13248
Count ((4, 14), (5, 29)) = 7536
Count (4, 14) = 239148
Count (5, 29) = 10962
Count ((4, 14), (5, 28)) = 6072
Count (5, 28) = 10962
Count ((2, 3), (3, 6)) = 27552
Count ((3, 6), (4, 13)) = 15336
Count ((4, 13), (5, 27)) = 7536
Count (4, 13) = 234038
Count (5, 27) = 10962
Count ((4, 13), (5, 26)) = 6072
Count (5, 26) = 10962
Count ((3, 6), (4, 12)) = 13248
Count ((4, 12), (5, 25)) = 7536
Count (4, 12) = 172718
Count (5, 25) = 10962
Count ((4, 12), (5, 24)) = 6072
Count (5, 24) = 10962
Count ((1, 1), (2, 2)) = 53400
Count ((2, 2), (3, 5)) = 30048
Count ((3, 5), (4, 11)) = 15336
Count ((4, 11), (5, 23)) = 7536
Count (4, 11) = 193158
Count (5, 23) = 10962
Count ((4, 11), (5, 22)) = 6072
Count (5, 22) = 10962
Count ((3, 5), (4, 10)) = 13248
Count ((4, 10), (5, 21)) = 7536
Count (4, 10) = 295358
Count (5, 21) = 10962
Count ((4, 10), (5, 20)) = 6072
Count (5, 20) = 10962
Count ((2, 2), (3, 4)) = 27552
Count ((3, 4), (4, 9)) = 15336
Count ((4, 9), (5, 19)) = 7536
Count (4, 9) = 336238
Count (5, 19) = 10962
Count ((4, 9), (5, 18)) = 6072
Count (5, 18) = 10962
Count ((3, 4), (4, 8)) = 13248
Count ((4, 8), (5, 17)) = 7536
Count (4, 8) = 239148
Count (5, 17) = 10962
Count ((4, 8), (5, 16)) = 6072
Count (5, 16) = 10962
Count ((0, 0), (1, 0)) = 56900
Count ((1, 0), (2, 1)) = 55800
Count ((2, 1), (3, 3)) = 30048
Count ((3, 3), (4, 7)) = 15336
Count ((4, 7), (5, 15)) = 7536
Count (4, 7) = 218708
Count (5, 15) = 10962
Count ((4, 7), (5, 14)) = 6072
Count (5, 14) = 10962
Count ((3, 3), (4, 6)) = 13248
Count ((4, 6), (5, 13)) = 7536
Count (4, 6) = 198268
Count (5, 13) = 10962
Count ((4, 6), (5, 12)) = 6072
Count (5, 12) = 10962
Count ((2, 1), (3, 2)) = 27552
Count ((3, 2), (4, 5)) = 15336
Count ((4, 5), (5, 11)) = 7536
Count (4, 5) = 193158
Count (5, 11) = 10962
Count ((4, 5), (5, 10)) = 6072
Count (5, 10) = 10962
Count ((3, 2), (4, 4)) = 13248
Count ((4, 4), (5, 9)) = 7536
Count (4, 4) = 223818
Count (5, 9) = 10962
Count ((4, 4), (5, 8)) = 6072
Count (5, 8) = 10962
Count ((1, 0), (2, 0)) = 44500
Count ((2, 0), (3, 1)) = 30048
Count ((3, 1), (4, 3)) = 15336
Count ((4, 3), (5, 7)) = 7536
Count (4, 3) = 249368
Count (5, 7) = 10962
Count ((4, 3), (5, 6)) = 6072
Count (5, 6) = 10962
Count ((3, 1), (4, 2)) = 13248
Count ((4, 2), (5, 5)) = 7536
Count (4, 2) = 142058
Count (5, 5) = 10962
Count ((4, 2), (5, 4)) = 6072
Count (5, 4) = 10962
Count ((2, 0), (3, 0)) = 21812
Count ((3, 0), (4, 1)) = 15336
Count ((4, 1), (5, 3)) = 7536
Count (4, 1) = 346458
Count (5, 3) = 10962
Count ((4, 1), (5, 2)) = 6072
Count (5, 2) = 10962
Count ((3, 0), (4, 0)) = 13984
Count ((4, 0), (5, 1)) = 7536
Count (4, 0) = 17374
Count (5, 1) = 10962
Count ((4, 0), (5, 0)) = 6578
Count (5, 0) = 7830
Count (3, 0) = 17874
Count (3, 1) = 17874
Count (3, 2) = 17874
Count (3, 3) = 17874
Count (3, 4) = 17874
Count (3, 5) = 17874
Count (3, 6) = 17874
Count (3, 7) = 17874
Count (3, 8) = 17874
Count (3, 9) = 17874
Count (3, 10) = 17874
Count (3, 11) = 17874
Count (3, 12) = 17874
Count (3, 13) = 17874
Count (3, 14) = 17874
Count (3, 15) = 17874
Count (2, 7) = 33930
Count (2, 6) = 33930
Count (2, 5) = 33930
Count (2, 4) = 33930
Count (2, 3) = 33930
Count (2, 2) = 33930
Count (2, 1) = 33930
Count (2, 0) = 33930
Count (1, 0) = 60858
Count (1, 1) = 60858
Count (1, 2) = 60858
Count (1, 3) = 60858
Count (0, 1) = 125304
Count (0, 0) = 130525
Total contractions: 11254038
^^^^^^^^^^^^^^^^^^^^^^^^^^^^^^^^^^^^^^^^^^^^^^^^^^^^^^^^^^^^
Simulation time is 357.3140.
